TpTrace Verbose: 0 : 3528, 1, 2024/06/04, 11:47:06.605, 13656189364617, vstest.console.dll, Version: 17.9.0-release-24072-02 Current process architecture: X64
TpTrace Verbose: 0 : 3528, 1, 2024/06/04, 11:47:06.609, 13656189405553, vstest.console.dll, Runtime location: C:\Program Files\dotnet\shared\Microsoft.NETCore.App\8.0.3
TpTrace Verbose: 0 : 3528, 1, 2024/06/04, 11:47:06.611, 13656189424561, vstest.console.dll, ArtifactProcessingPostProcessModeProcessorExecutor.Initialize: ArtifactProcessingMode.Collect
TpTrace Verbose: 0 : 3528, 1, 2024/06/04, 11:47:06.611, 13656189425900, vstest.console.dll, TestSessionCorrelationIdProcessorModeProcessorExecutor.Initialize: TestSessionCorrelationId '24556_f6734760-9382-44be-9b13-4d8b82b5b705'
TpTrace Information: 0 : 3528, 1, 2024/06/04, 11:47:06.618, 13656189502888, vstest.console.dll, FilePatternParser: The given file C:\Users\VC\Documents\Training\MiniProject\HotelBookingSystemSolution\APITest\bin\Debug\net6.0\fine-code-coverage\build-output\APITest.dll is a full path.
TpTrace Verbose: 0 : 3528, 1, 2024/06/04, 11:47:06.622, 13656189536784, vstest.console.dll, TestPluginCache.DiscoverTestExtensions: finding test extensions in assemblies ends with: RuntimeProvider.dll TPluginInfo: Microsoft.VisualStudio.TestPlatform.Common.ExtensionFramework.Utilities.TestRuntimePluginInformation TExtension: Microsoft.VisualStudio.TestPlatform.ObjectModel.Host.ITestRuntimeProvider
TpTrace Verbose: 0 : 3528, 1, 2024/06/04, 11:47:06.622, 13656189539898, vstest.console.dll, TestPluginCache.GetExtensionPaths: Filtered extension paths: 
TpTrace Verbose: 0 : 3528, 1, 2024/06/04, 11:47:06.622, 13656189540620, vstest.console.dll, TestPluginCache.GetExtensionPaths: Added default extension paths: C:\Program Files\dotnet\sdk\8.0.202\Extensions\Microsoft.Diagnostics.NETCore.Client.dll
C:\Program Files\dotnet\sdk\8.0.202\Extensions\Microsoft.TestPlatform.Extensions.BlameDataCollector.dll
C:\Program Files\dotnet\sdk\8.0.202\Extensions\Microsoft.TestPlatform.Extensions.EventLogCollector.dll
C:\Program Files\dotnet\sdk\8.0.202\Extensions\Microsoft.TestPlatform.TestHostRuntimeProvider.dll
C:\Program Files\dotnet\sdk\8.0.202\Extensions\Microsoft.VisualStudio.TestPlatform.Extensions.Html.TestLogger.dll
C:\Program Files\dotnet\sdk\8.0.202\Extensions\Microsoft.VisualStudio.TestPlatform.Extensions.Trx.TestLogger.dll
TpTrace Verbose: 0 : 3528, 1, 2024/06/04, 11:47:06.622, 13656189540842, vstest.console.dll, TestPluginCache.GetExtensionPaths: Added unfilterableExtensionPaths: 
TpTrace Information: 0 : 3528, 1, 2024/06/04, 11:47:06.623, 13656189545485, vstest.console.dll, AssemblyResolver.ctor: Creating AssemblyResolver with searchDirectories C:\Program Files\dotnet\sdk\8.0.202\Extensions,C:\Program Files\dotnet\sdk\8.0.202
TpTrace Verbose: 0 : 3528, 1, 2024/06/04, 11:47:06.624, 13656189555721, vstest.console.dll, TestPluginCache.DiscoverTestExtensions: Discovering the extensions using extension path.
TpTrace Verbose: 0 : 3528, 1, 2024/06/04, 11:47:06.624, 13656189556808, vstest.console.dll, TestPluginCache.GetExtensionPaths: Filtered extension paths: 
TpTrace Verbose: 0 : 3528, 1, 2024/06/04, 11:47:06.624, 13656189557158, vstest.console.dll, TestPluginCache.GetExtensionPaths: Added default extension paths: C:\Program Files\dotnet\sdk\8.0.202\Extensions\Microsoft.Diagnostics.NETCore.Client.dll
C:\Program Files\dotnet\sdk\8.0.202\Extensions\Microsoft.TestPlatform.Extensions.BlameDataCollector.dll
C:\Program Files\dotnet\sdk\8.0.202\Extensions\Microsoft.TestPlatform.Extensions.EventLogCollector.dll
C:\Program Files\dotnet\sdk\8.0.202\Extensions\Microsoft.TestPlatform.TestHostRuntimeProvider.dll
C:\Program Files\dotnet\sdk\8.0.202\Extensions\Microsoft.VisualStudio.TestPlatform.Extensions.Html.TestLogger.dll
C:\Program Files\dotnet\sdk\8.0.202\Extensions\Microsoft.VisualStudio.TestPlatform.Extensions.Trx.TestLogger.dll
TpTrace Verbose: 0 : 3528, 1, 2024/06/04, 11:47:06.624, 13656189557352, vstest.console.dll, TestPluginCache.GetExtensionPaths: Added unfilterableExtensionPaths: 
TpTrace Verbose: 0 : 3528, 1, 2024/06/04, 11:47:06.624, 13656189557822, vstest.console.dll, TestPluginCache.DiscoverTestExtensions: Discovering the extensions using allExtensionPaths: C:\Program Files\dotnet\sdk\8.0.202\Extensions\Microsoft.Diagnostics.NETCore.Client.dll
C:\Program Files\dotnet\sdk\8.0.202\Extensions\Microsoft.TestPlatform.Extensions.BlameDataCollector.dll
C:\Program Files\dotnet\sdk\8.0.202\Extensions\Microsoft.TestPlatform.Extensions.EventLogCollector.dll
C:\Program Files\dotnet\sdk\8.0.202\Extensions\Microsoft.TestPlatform.TestHostRuntimeProvider.dll
C:\Program Files\dotnet\sdk\8.0.202\Extensions\Microsoft.VisualStudio.TestPlatform.Extensions.Html.TestLogger.dll
C:\Program Files\dotnet\sdk\8.0.202\Extensions\Microsoft.VisualStudio.TestPlatform.Extensions.Trx.TestLogger.dll
TpTrace Information: 0 : 3528, 1, 2024/06/04, 11:47:06.624, 13656189559104, vstest.console.dll, AssemblyResolver.AddSearchDirectories: Adding more searchDirectories C:\Program Files\dotnet\sdk\8.0.202\Extensions,C:\Program Files\dotnet\sdk\8.0.202
TpTrace Information: 0 : 3528, 1, 2024/06/04, 11:47:06.624, 13656189559579, vstest.console.dll, AssemblyResolver.AddSearchDirectories: Adding more searchDirectories C:\Program Files\dotnet\sdk\8.0.202\Extensions,C:\Program Files\dotnet\sdk\8.0.202
TpTrace Information: 0 : 3528, 1, 2024/06/04, 11:47:06.624, 13656189559787, vstest.console.dll, AssemblyResolver.AddSearchDirectories: Adding more searchDirectories C:\Program Files\dotnet\sdk\8.0.202\Extensions,C:\Program Files\dotnet\sdk\8.0.202
TpTrace Information: 0 : 3528, 1, 2024/06/04, 11:47:06.624, 13656189559969, vstest.console.dll, AssemblyResolver.AddSearchDirectories: Adding more searchDirectories C:\Program Files\dotnet\sdk\8.0.202\Extensions,C:\Program Files\dotnet\sdk\8.0.202
TpTrace Information: 0 : 3528, 1, 2024/06/04, 11:47:06.624, 13656189560171, vstest.console.dll, AssemblyResolver.AddSearchDirectories: Adding more searchDirectories C:\Program Files\dotnet\sdk\8.0.202\Extensions,C:\Program Files\dotnet\sdk\8.0.202
TpTrace Information: 0 : 3528, 1, 2024/06/04, 11:47:06.624, 13656189560351, vstest.console.dll, AssemblyResolver.AddSearchDirectories: Adding more searchDirectories C:\Program Files\dotnet\sdk\8.0.202\Extensions,C:\Program Files\dotnet\sdk\8.0.202
TpTrace Information: 0 : 3528, 1, 2024/06/04, 11:47:06.625, 13656189564234, vstest.console.dll, AssemblyResolver.OnResolve: Microsoft.Diagnostics.NETCore.Client: Resolving assembly.
TpTrace Information: 0 : 3528, 1, 2024/06/04, 11:47:06.625, 13656189564828, vstest.console.dll, AssemblyResolver.OnResolve: Microsoft.Diagnostics.NETCore.Client: Searching in: 'C:\Program Files\dotnet\sdk\8.0.202\Extensions'.
TpTrace Information: 0 : 3528, 1, 2024/06/04, 11:47:06.630, 13656189617856, vstest.console.dll, AssemblyResolver.OnResolve: Microsoft.Diagnostics.NETCore.Client: Loading assembly 'C:\Program Files\dotnet\sdk\8.0.202\Extensions\Microsoft.Diagnostics.NETCore.Client.dll'.
TpTrace Information: 0 : 3528, 1, 2024/06/04, 11:47:06.631, 13656189623867, vstest.console.dll, AssemblyResolver.OnResolve: Resolved assembly: Microsoft.Diagnostics.NETCore.Client, from path: C:\Program Files\dotnet\sdk\8.0.202\Extensions\Microsoft.Diagnostics.NETCore.Client.dll
TpTrace Verbose: 0 : 3528, 1, 2024/06/04, 11:47:06.635, 13656189663331, vstest.console.dll, MetadataReaderExtensionsHelper: Discovering extensions inside assembly 'Microsoft.Diagnostics.NETCore.Client, Version=0.2.9.2401, Culture=neutral, PublicKeyToken=31bf3856ad364e35' file path 'C:\Program Files\dotnet\sdk\8.0.202\Extensions\Microsoft.Diagnostics.NETCore.Client.dll'
TpTrace Information: 0 : 3528, 1, 2024/06/04, 11:47:06.638, 13656189693216, vstest.console.dll, AssemblyResolver.OnResolve: Microsoft.Bcl.AsyncInterfaces: Resolving assembly.
TpTrace Information: 0 : 3528, 1, 2024/06/04, 11:47:06.638, 13656189694034, vstest.console.dll, AssemblyResolver.OnResolve: Microsoft.Bcl.AsyncInterfaces: Searching in: 'C:\Program Files\dotnet\sdk\8.0.202\Extensions'.
TpTrace Information: 0 : 3528, 1, 2024/06/04, 11:47:06.638, 13656189694724, vstest.console.dll, AssemblyResolver.OnResolve: Microsoft.Bcl.AsyncInterfaces: Assembly path does not exist: 'C:\Program Files\dotnet\sdk\8.0.202\Extensions\Microsoft.Bcl.AsyncInterfaces.dll', returning.
TpTrace Information: 0 : 3528, 1, 2024/06/04, 11:47:06.638, 13656189695617, vstest.console.dll, AssemblyResolver.OnResolve: Microsoft.Bcl.AsyncInterfaces: Assembly path does not exist: 'C:\Program Files\dotnet\sdk\8.0.202\Extensions\Microsoft.Bcl.AsyncInterfaces.exe', returning.
TpTrace Information: 0 : 3528, 1, 2024/06/04, 11:47:06.638, 13656189695847, vstest.console.dll, AssemblyResolver.OnResolve: Microsoft.Bcl.AsyncInterfaces: Searching in: 'C:\Program Files\dotnet\sdk\8.0.202'.
TpTrace Information: 0 : 3528, 1, 2024/06/04, 11:47:06.638, 13656189696276, vstest.console.dll, AssemblyResolver.OnResolve: Microsoft.Bcl.AsyncInterfaces: Assembly path does not exist: 'C:\Program Files\dotnet\sdk\8.0.202\Microsoft.Bcl.AsyncInterfaces.dll', returning.
TpTrace Information: 0 : 3528, 1, 2024/06/04, 11:47:06.638, 13656189696636, vstest.console.dll, AssemblyResolver.OnResolve: Microsoft.Bcl.AsyncInterfaces: Assembly path does not exist: 'C:\Program Files\dotnet\sdk\8.0.202\Microsoft.Bcl.AsyncInterfaces.exe', returning.
TpTrace Information: 0 : 3528, 1, 2024/06/04, 11:47:06.638, 13656189696873, vstest.console.dll, AssemblyResolver.OnResolve: Microsoft.Bcl.AsyncInterfaces: Failed to load assembly.
TpTrace Verbose: 0 : 3528, 1, 2024/06/04, 11:47:06.638, 13656189697127, vstest.console.dll, CurrentDomainAssemblyResolve: Resolving assembly 'Microsoft.Bcl.AsyncInterfaces'.
TpTrace Information: 0 : 3528, 1, 2024/06/04, 11:47:06.638, 13656189697595, vstest.console.dll, AssemblyResolver.OnResolve: Microsoft.Bcl.AsyncInterfaces: Resolving assembly.
TpTrace Information: 0 : 3528, 1, 2024/06/04, 11:47:06.638, 13656189697858, vstest.console.dll, AssemblyResolver.OnResolve: Microsoft.Bcl.AsyncInterfaces: Resolved from cache.
TpTrace Verbose: 0 : 3528, 1, 2024/06/04, 11:47:06.638, 13656189698023, vstest.console.dll, CurrentDomainAssemblyResolve: Resolving assembly 'Microsoft.Bcl.AsyncInterfaces'.
TpTrace Verbose: 0 : 3528, 1, 2024/06/04, 11:47:06.638, 13656189698240, vstest.console.dll, CurrentDomainAssemblyResolve: Failed to resolve assembly 'Microsoft.Bcl.AsyncInterfaces'.
TpTrace Verbose: 0 : 3528, 1, 2024/06/04, 11:47:06.639, 13656189703728, vstest.console.dll, CurrentDomainAssemblyResolve: Failed to resolve assembly 'Microsoft.Bcl.AsyncInterfaces'.
TpTrace Warning: 0 : 3528, 1, 2024/06/04, 11:47:06.647, 13656189784842, vstest.console.dll, TestPluginDiscoverer: Failed to get types from assembly 'Microsoft.Diagnostics.NETCore.Client, Version=0.2.9.2401, Culture=neutral, PublicKeyToken=31bf3856ad364e35'. Error: System.Reflection.ReflectionTypeLoadException: Unable to load one or more of the requested types.
Could not load file or assembly 'Microsoft.Bcl.AsyncInterfaces, Version=6.0.0.0, Culture=neutral, PublicKeyToken=cc7b13ffcd2ddd51'. The system cannot find the file specified.
   at System.Reflection.RuntimeModule.GetTypes(RuntimeModule module)
   at System.Reflection.RuntimeModule.GetTypes()
   at Microsoft.VisualStudio.TestPlatform.Common.ExtensionFramework.TestPluginDiscoverer.GetTestExtensionsFromAssembly[TPluginInfo,TExtension](Assembly assembly, Dictionary`2 pluginInfos, String filePath) in /_/src/Microsoft.TestPlatform.Common/ExtensionFramework/TestPluginDiscoverer.cs:line 158
System.IO.FileNotFoundException: Could not load file or assembly 'Microsoft.Bcl.AsyncInterfaces, Version=6.0.0.0, Culture=neutral, PublicKeyToken=cc7b13ffcd2ddd51'. The system cannot find the file specified.
File name: 'Microsoft.Bcl.AsyncInterfaces, Version=6.0.0.0, Culture=neutral, PublicKeyToken=cc7b13ffcd2ddd51'
 ---> System.IO.FileNotFoundException: Could not load file or assembly 'Microsoft.Bcl.AsyncInterfaces, Culture=neutral, PublicKeyToken=null'. The system cannot find the file specified.
File name: 'Microsoft.Bcl.AsyncInterfaces, Culture=neutral, PublicKeyToken=null'
   at System.Reflection.RuntimeAssembly.InternalLoad(AssemblyName assemblyName, StackCrawlMark& stackMark, AssemblyLoadContext assemblyLoadContext, RuntimeAssembly requestingAssembly, Boolean throwOnFileNotFound)
   at System.Reflection.Assembly.Load(AssemblyName assemblyRef)
   at Microsoft.VisualStudio.TestPlatform.Common.ExtensionFramework.TestPluginCache.CurrentDomainAssemblyResolve(Object sender, AssemblyResolveEventArgs args) in /_/src/Microsoft.TestPlatform.Common/ExtensionFramework/TestPluginCache.cs:line 513
   at System.Runtime.Loader.AssemblyLoadContext.GetFirstResolvedAssemblyFromResolvingEvent(AssemblyName assemblyName)
   at System.Runtime.Loader.AssemblyLoadContext.ResolveUsingEvent(AssemblyName assemblyName)
   at System.Runtime.Loader.AssemblyLoadContext.ResolveUsingResolvingEvent(IntPtr gchManagedAssemblyLoadContext, AssemblyName assemblyName)
TpTrace Warning: 0 : 3528, 1, 2024/06/04, 11:47:06.647, 13656189788321, vstest.console.dll, LoaderExceptions: System.IO.FileNotFoundException: Could not load file or assembly 'Microsoft.Bcl.AsyncInterfaces, Version=6.0.0.0, Culture=neutral, PublicKeyToken=cc7b13ffcd2ddd51'. The system cannot find the file specified.
File name: 'Microsoft.Bcl.AsyncInterfaces, Version=6.0.0.0, Culture=neutral, PublicKeyToken=cc7b13ffcd2ddd51'
 ---> System.IO.FileNotFoundException: Could not load file or assembly 'Microsoft.Bcl.AsyncInterfaces, Culture=neutral, PublicKeyToken=null'. The system cannot find the file specified.
File name: 'Microsoft.Bcl.AsyncInterfaces, Culture=neutral, PublicKeyToken=null'
   at System.Reflection.RuntimeAssembly.InternalLoad(AssemblyName assemblyName, StackCrawlMark& stackMark, AssemblyLoadContext assemblyLoadContext, RuntimeAssembly requestingAssembly, Boolean throwOnFileNotFound)
   at System.Reflection.Assembly.Load(AssemblyName assemblyRef)
   at Microsoft.VisualStudio.TestPlatform.Common.ExtensionFramework.TestPluginCache.CurrentDomainAssemblyResolve(Object sender, AssemblyResolveEventArgs args) in /_/src/Microsoft.TestPlatform.Common/ExtensionFramework/TestPluginCache.cs:line 513
   at System.Runtime.Loader.AssemblyLoadContext.GetFirstResolvedAssemblyFromResolvingEvent(AssemblyName assemblyName)
   at System.Runtime.Loader.AssemblyLoadContext.ResolveUsingEvent(AssemblyName assemblyName)
   at System.Runtime.Loader.AssemblyLoadContext.ResolveUsingResolvingEvent(IntPtr gchManagedAssemblyLoadContext, AssemblyName assemblyName)
TpTrace Information: 0 : 3528, 1, 2024/06/04, 11:47:06.647, 13656189789690, vstest.console.dll, AssemblyResolver.OnResolve: Microsoft.TestPlatform.Extensions.BlameDataCollector: Resolving assembly.
TpTrace Information: 0 : 3528, 1, 2024/06/04, 11:47:06.647, 13656189790014, vstest.console.dll, AssemblyResolver.OnResolve: Microsoft.TestPlatform.Extensions.BlameDataCollector: Searching in: 'C:\Program Files\dotnet\sdk\8.0.202\Extensions'.
TpTrace Information: 0 : 3528, 1, 2024/06/04, 11:47:06.647, 13656189792838, vstest.console.dll, AssemblyResolver.OnResolve: Microsoft.TestPlatform.Extensions.BlameDataCollector: Loading assembly 'C:\Program Files\dotnet\sdk\8.0.202\Extensions\Microsoft.TestPlatform.Extensions.BlameDataCollector.dll'.
TpTrace Information: 0 : 3528, 1, 2024/06/04, 11:47:06.648, 13656189795871, vstest.console.dll, AssemblyResolver.OnResolve: Resolved assembly: Microsoft.TestPlatform.Extensions.BlameDataCollector, from path: C:\Program Files\dotnet\sdk\8.0.202\Extensions\Microsoft.TestPlatform.Extensions.BlameDataCollector.dll
TpTrace Verbose: 0 : 3528, 1, 2024/06/04, 11:47:06.648, 13656189796537, vstest.console.dll, MetadataReaderExtensionsHelper: Discovering extensions inside assembly 'Microsoft.TestPlatform.Extensions.BlameDataCollector, Version=15.0.0.0, Culture=neutral, PublicKeyToken=b03f5f7f11d50a3a' file path 'C:\Program Files\dotnet\sdk\8.0.202\Extensions\Microsoft.TestPlatform.Extensions.BlameDataCollector.dll'
TpTrace Information: 0 : 3528, 1, 2024/06/04, 11:47:06.649, 13656189809169, vstest.console.dll, AssemblyResolver.OnResolve: Microsoft.TestPlatform.Extensions.EventLogCollector: Resolving assembly.
TpTrace Information: 0 : 3528, 1, 2024/06/04, 11:47:06.649, 13656189810408, vstest.console.dll, AssemblyResolver.OnResolve: Microsoft.TestPlatform.Extensions.EventLogCollector: Searching in: 'C:\Program Files\dotnet\sdk\8.0.202\Extensions'.
TpTrace Information: 0 : 3528, 1, 2024/06/04, 11:47:06.650, 13656189814383, vstest.console.dll, AssemblyResolver.OnResolve: Microsoft.TestPlatform.Extensions.EventLogCollector: Loading assembly 'C:\Program Files\dotnet\sdk\8.0.202\Extensions\Microsoft.TestPlatform.Extensions.EventLogCollector.dll'.
TpTrace Information: 0 : 3528, 1, 2024/06/04, 11:47:06.650, 13656189817931, vstest.console.dll, AssemblyResolver.OnResolve: Resolved assembly: Microsoft.TestPlatform.Extensions.EventLogCollector, from path: C:\Program Files\dotnet\sdk\8.0.202\Extensions\Microsoft.TestPlatform.Extensions.EventLogCollector.dll
TpTrace Verbose: 0 : 3528, 1, 2024/06/04, 11:47:06.650, 13656189818682, vstest.console.dll, MetadataReaderExtensionsHelper: Discovering extensions inside assembly 'Microsoft.TestPlatform.Extensions.EventLogCollector, Version=15.0.0.0, Culture=neutral, PublicKeyToken=b03f5f7f11d50a3a' file path 'C:\Program Files\dotnet\sdk\8.0.202\Extensions\Microsoft.TestPlatform.Extensions.EventLogCollector.dll'
TpTrace Information: 0 : 3528, 1, 2024/06/04, 11:47:06.652, 13656189834179, vstest.console.dll, AssemblyResolver.OnResolve: Microsoft.TestPlatform.TestHostRuntimeProvider: Resolving assembly.
TpTrace Information: 0 : 3528, 1, 2024/06/04, 11:47:06.652, 13656189834873, vstest.console.dll, AssemblyResolver.OnResolve: Microsoft.TestPlatform.TestHostRuntimeProvider: Searching in: 'C:\Program Files\dotnet\sdk\8.0.202\Extensions'.
TpTrace Information: 0 : 3528, 1, 2024/06/04, 11:47:06.652, 13656189837329, vstest.console.dll, AssemblyResolver.OnResolve: Microsoft.TestPlatform.TestHostRuntimeProvider: Loading assembly 'C:\Program Files\dotnet\sdk\8.0.202\Extensions\Microsoft.TestPlatform.TestHostRuntimeProvider.dll'.
TpTrace Information: 0 : 3528, 1, 2024/06/04, 11:47:06.652, 13656189841184, vstest.console.dll, AssemblyResolver.OnResolve: Resolved assembly: Microsoft.TestPlatform.TestHostRuntimeProvider, from path: C:\Program Files\dotnet\sdk\8.0.202\Extensions\Microsoft.TestPlatform.TestHostRuntimeProvider.dll
TpTrace Verbose: 0 : 3528, 1, 2024/06/04, 11:47:06.652, 13656189841825, vstest.console.dll, MetadataReaderExtensionsHelper: Discovering extensions inside assembly 'Microsoft.TestPlatform.TestHostRuntimeProvider, Version=15.0.0.0, Culture=neutral, PublicKeyToken=b03f5f7f11d50a3a' file path 'C:\Program Files\dotnet\sdk\8.0.202\Extensions\Microsoft.TestPlatform.TestHostRuntimeProvider.dll'
TpTrace Information: 0 : 3528, 1, 2024/06/04, 11:47:06.654, 13656189856360, vstest.console.dll, GetTestExtensionFromType: Register extension with identifier data 'HostProvider://DefaultTestHost' and type 'Microsoft.VisualStudio.TestPlatform.CrossPlatEngine.Hosting.DefaultTestHostManager, Microsoft.TestPlatform.TestHostRuntimeProvider, Version=15.0.0.0, Culture=neutral, PublicKeyToken=b03f5f7f11d50a3a' inside file 'C:\Program Files\dotnet\sdk\8.0.202\Extensions\Microsoft.TestPlatform.TestHostRuntimeProvider.dll'
TpTrace Information: 0 : 3528, 1, 2024/06/04, 11:47:06.654, 13656189859212, vstest.console.dll, GetTestExtensionFromType: Register extension with identifier data 'HostProvider://DotnetTestHost' and type 'Microsoft.VisualStudio.TestPlatform.CrossPlatEngine.Hosting.DotnetTestHostManager, Microsoft.TestPlatform.TestHostRuntimeProvider, Version=15.0.0.0, Culture=neutral, PublicKeyToken=b03f5f7f11d50a3a' inside file 'C:\Program Files\dotnet\sdk\8.0.202\Extensions\Microsoft.TestPlatform.TestHostRuntimeProvider.dll'
TpTrace Information: 0 : 3528, 1, 2024/06/04, 11:47:06.654, 13656189860029, vstest.console.dll, AssemblyResolver.OnResolve: Microsoft.VisualStudio.TestPlatform.Extensions.Html.TestLogger: Resolving assembly.
TpTrace Information: 0 : 3528, 1, 2024/06/04, 11:47:06.654, 13656189860283, vstest.console.dll, AssemblyResolver.OnResolve: Microsoft.VisualStudio.TestPlatform.Extensions.Html.TestLogger: Searching in: 'C:\Program Files\dotnet\sdk\8.0.202\Extensions'.
TpTrace Information: 0 : 3528, 1, 2024/06/04, 11:47:06.654, 13656189862911, vstest.console.dll, AssemblyResolver.OnResolve: Microsoft.VisualStudio.TestPlatform.Extensions.Html.TestLogger: Loading assembly 'C:\Program Files\dotnet\sdk\8.0.202\Extensions\Microsoft.VisualStudio.TestPlatform.Extensions.Html.TestLogger.dll'.
TpTrace Information: 0 : 3528, 1, 2024/06/04, 11:47:06.655, 13656189865707, vstest.console.dll, AssemblyResolver.OnResolve: Resolved assembly: Microsoft.VisualStudio.TestPlatform.Extensions.Html.TestLogger, from path: C:\Program Files\dotnet\sdk\8.0.202\Extensions\Microsoft.VisualStudio.TestPlatform.Extensions.Html.TestLogger.dll
TpTrace Verbose: 0 : 3528, 1, 2024/06/04, 11:47:06.655, 13656189866243, vstest.console.dll, MetadataReaderExtensionsHelper: Discovering extensions inside assembly 'Microsoft.VisualStudio.TestPlatform.Extensions.Html.TestLogger, Version=15.0.0.0, Culture=neutral, PublicKeyToken=b03f5f7f11d50a3a' file path 'C:\Program Files\dotnet\sdk\8.0.202\Extensions\Microsoft.VisualStudio.TestPlatform.Extensions.Html.TestLogger.dll'
TpTrace Information: 0 : 3528, 1, 2024/06/04, 11:47:06.655, 13656189873154, vstest.console.dll, AssemblyResolver.OnResolve: Microsoft.VisualStudio.TestPlatform.Extensions.Trx.TestLogger: Resolving assembly.
TpTrace Information: 0 : 3528, 1, 2024/06/04, 11:47:06.656, 13656189873740, vstest.console.dll, AssemblyResolver.OnResolve: Microsoft.VisualStudio.TestPlatform.Extensions.Trx.TestLogger: Searching in: 'C:\Program Files\dotnet\sdk\8.0.202\Extensions'.
TpTrace Information: 0 : 3528, 1, 2024/06/04, 11:47:06.656, 13656189875793, vstest.console.dll, AssemblyResolver.OnResolve: Microsoft.VisualStudio.TestPlatform.Extensions.Trx.TestLogger: Loading assembly 'C:\Program Files\dotnet\sdk\8.0.202\Extensions\Microsoft.VisualStudio.TestPlatform.Extensions.Trx.TestLogger.dll'.
TpTrace Information: 0 : 3528, 1, 2024/06/04, 11:47:06.656, 13656189878720, vstest.console.dll, AssemblyResolver.OnResolve: Resolved assembly: Microsoft.VisualStudio.TestPlatform.Extensions.Trx.TestLogger, from path: C:\Program Files\dotnet\sdk\8.0.202\Extensions\Microsoft.VisualStudio.TestPlatform.Extensions.Trx.TestLogger.dll
TpTrace Verbose: 0 : 3528, 1, 2024/06/04, 11:47:06.656, 13656189879306, vstest.console.dll, MetadataReaderExtensionsHelper: Discovering extensions inside assembly 'Microsoft.VisualStudio.TestPlatform.Extensions.Trx.TestLogger, Version=15.0.0.0, Culture=neutral, PublicKeyToken=b03f5f7f11d50a3a' file path 'C:\Program Files\dotnet\sdk\8.0.202\Extensions\Microsoft.VisualStudio.TestPlatform.Extensions.Trx.TestLogger.dll'
TpTrace Verbose: 0 : 3528, 1, 2024/06/04, 11:47:06.657, 13656189891523, vstest.console.dll, TestPluginCache: Discovered the extensions using extension path ''.
TpTrace Verbose: 0 : 3528, 1, 2024/06/04, 11:47:06.657, 13656189892580, vstest.console.dll, TestPluginCache: Discoverers are ''.
TpTrace Verbose: 0 : 3528, 1, 2024/06/04, 11:47:06.657, 13656189892788, vstest.console.dll, TestPluginCache: Executors are ''.
TpTrace Verbose: 0 : 3528, 1, 2024/06/04, 11:47:06.657, 13656189892959, vstest.console.dll, TestPluginCache: Executors2 are ''.
TpTrace Verbose: 0 : 3528, 1, 2024/06/04, 11:47:06.657, 13656189893122, vstest.console.dll, TestPluginCache: Setting providers are ''.
TpTrace Verbose: 0 : 3528, 1, 2024/06/04, 11:47:06.658, 13656189893286, vstest.console.dll, TestPluginCache: Loggers are ''.
TpTrace Verbose: 0 : 3528, 1, 2024/06/04, 11:47:06.658, 13656189894798, vstest.console.dll, TestPluginCache: TestHosts are 'HostProvider://DefaultTestHost,HostProvider://DotnetTestHost'.
TpTrace Verbose: 0 : 3528, 1, 2024/06/04, 11:47:06.658, 13656189895159, vstest.console.dll, TestPluginCache: DataCollectors are ''.
TpTrace Information: 0 : 3528, 1, 2024/06/04, 11:47:06.671, 13656190028090, vstest.console.dll, RunTestsArgumentProcessor:Execute: Test run is starting.
TpTrace Verbose: 0 : 3528, 1, 2024/06/04, 11:47:06.671, 13656190029512, vstest.console.dll, RunTestsArgumentProcessor:Execute: Queuing Test run.
TpTrace Information: 0 : 3528, 1, 2024/06/04, 11:47:06.671, 13656190032711, vstest.console.dll, TestRequestManager.RunTests: run tests started.
TpTrace Information: 0 : 3528, 1, 2024/06/04, 11:47:06.673, 13656190046830, vstest.console.dll, AssemblyMetadataProvider.GetFrameworkName: Determined framework:'.NETCoreApp,Version=v6.0' for source: 'C:\Users\VC\Documents\Training\MiniProject\HotelBookingSystemSolution\APITest\bin\Debug\net6.0\fine-code-coverage\build-output\APITest.dll'
TpTrace Information: 0 : 3528, 1, 2024/06/04, 11:47:06.673, 13656190048835, vstest.console.dll, Determined framework for all sources: .NETCoreApp,Version=v6.0
TpTrace Verbose: 0 : 3528, 1, 2024/06/04, 11:47:06.673, 13656190052203, vstest.console.dll, TestRequestManager.UpdateRunSettingsIfRequired: Default architecture: X64 IsDefaultTargetArchitecture: True, Current process architecture: X64 OperatingSystem: Windows.
TpTrace Information: 0 : 3528, 1, 2024/06/04, 11:47:06.675, 13656190068824, vstest.console.dll, AssemblyMetadataProvider.GetArchitecture: Determined architecture:AnyCPU info for assembly: C:\Users\VC\Documents\Training\MiniProject\HotelBookingSystemSolution\APITest\bin\Debug\net6.0\fine-code-coverage\build-output\APITest.dll
TpTrace Information: 0 : 3528, 1, 2024/06/04, 11:47:06.675, 13656190069559, vstest.console.dll, Determined platform for source 'C:\Users\VC\Documents\Training\MiniProject\HotelBookingSystemSolution\APITest\bin\Debug\net6.0\fine-code-coverage\build-output\APITest.dll' was AnyCPU and it will use the default plaform X64.
TpTrace Information: 0 : 3528, 1, 2024/06/04, 11:47:06.675, 13656190069760, vstest.console.dll, None of the sources provided any runnable platform, using the default platform: X64
TpTrace Information: 0 : 3528, 1, 2024/06/04, 11:47:06.675, 13656190070659, vstest.console.dll, Platform was updated to 'X64'.
TpTrace Information: 0 : 3528, 1, 2024/06/04, 11:47:06.679, 13656190107052, vstest.console.dll, InferRunSettingsHelper.IsTestSettingsEnabled: Unable to navigate to RunSettings/MSTest. Current node: RunSettings
TpTrace Information: 0 : 3528, 1, 2024/06/04, 11:47:06.680, 13656190116084, vstest.console.dll, AssemblyResolver.OnResolve: Microsoft.VisualStudio.TestPlatform.Fakes: Resolving assembly.
TpTrace Information: 0 : 3528, 1, 2024/06/04, 11:47:06.680, 13656190117014, vstest.console.dll, AssemblyResolver.OnResolve: Microsoft.VisualStudio.TestPlatform.Fakes: Searching in: 'C:\Program Files\dotnet\sdk\8.0.202\Extensions'.
TpTrace Information: 0 : 3528, 1, 2024/06/04, 11:47:06.680, 13656190117995, vstest.console.dll, AssemblyResolver.OnResolve: Microsoft.VisualStudio.TestPlatform.Fakes: Assembly path does not exist: 'C:\Program Files\dotnet\sdk\8.0.202\Extensions\Microsoft.VisualStudio.TestPlatform.Fakes.dll', returning.
TpTrace Information: 0 : 3528, 1, 2024/06/04, 11:47:06.680, 13656190118456, vstest.console.dll, AssemblyResolver.OnResolve: Microsoft.VisualStudio.TestPlatform.Fakes: Assembly path does not exist: 'C:\Program Files\dotnet\sdk\8.0.202\Extensions\Microsoft.VisualStudio.TestPlatform.Fakes.exe', returning.
TpTrace Information: 0 : 3528, 1, 2024/06/04, 11:47:06.680, 13656190118706, vstest.console.dll, AssemblyResolver.OnResolve: Microsoft.VisualStudio.TestPlatform.Fakes: Searching in: 'C:\Program Files\dotnet\sdk\8.0.202'.
TpTrace Information: 0 : 3528, 1, 2024/06/04, 11:47:06.680, 13656190119149, vstest.console.dll, AssemblyResolver.OnResolve: Microsoft.VisualStudio.TestPlatform.Fakes: Assembly path does not exist: 'C:\Program Files\dotnet\sdk\8.0.202\Microsoft.VisualStudio.TestPlatform.Fakes.dll', returning.
TpTrace Information: 0 : 3528, 1, 2024/06/04, 11:47:06.680, 13656190119538, vstest.console.dll, AssemblyResolver.OnResolve: Microsoft.VisualStudio.TestPlatform.Fakes: Assembly path does not exist: 'C:\Program Files\dotnet\sdk\8.0.202\Microsoft.VisualStudio.TestPlatform.Fakes.exe', returning.
TpTrace Information: 0 : 3528, 1, 2024/06/04, 11:47:06.680, 13656190119728, vstest.console.dll, AssemblyResolver.OnResolve: Microsoft.VisualStudio.TestPlatform.Fakes: Failed to load assembly.
TpTrace Information: 0 : 3528, 1, 2024/06/04, 11:47:06.680, 13656190122358, vstest.console.dll, Failed to load assembly Microsoft.VisualStudio.TestPlatform.Fakes, Version=17.0.0.0, Culture=neutral. Reason:System.IO.FileNotFoundException: Could not load file or assembly 'Microsoft.VisualStudio.TestPlatform.Fakes, Version=17.0.0.0, Culture=neutral, PublicKeyToken=null'. The system cannot find the file specified.
File name: 'Microsoft.VisualStudio.TestPlatform.Fakes, Version=17.0.0.0, Culture=neutral, PublicKeyToken=null'
   at System.Reflection.RuntimeAssembly.InternalLoad(AssemblyName assemblyName, StackCrawlMark& stackMark, AssemblyLoadContext assemblyLoadContext, RuntimeAssembly requestingAssembly, Boolean throwOnFileNotFound)
   at System.Reflection.Assembly.Load(AssemblyName assemblyRef)
   at Microsoft.VisualStudio.TestPlatform.Common.Utilities.FakesUtilities.LoadTestPlatformAssembly() in /_/src/Microsoft.TestPlatform.Common/Utilities/FakesUtilities.cs:line 272
TpTrace Verbose: 0 : 3528, 1, 2024/06/04, 11:47:06.685, 13656190166767, vstest.console.dll, TestPluginCache.DiscoverTestExtensions: finding test extensions in assemblies ends with: TestLogger.dll TPluginInfo: Microsoft.VisualStudio.TestPlatform.Common.ExtensionFramework.Utilities.TestLoggerPluginInformation TExtension: Microsoft.VisualStudio.TestPlatform.ObjectModel.Client.ITestLogger
TpTrace Verbose: 0 : 3528, 1, 2024/06/04, 11:47:06.685, 13656190167979, vstest.console.dll, TestPluginCache.GetExtensionPaths: Filtered extension paths: 
TpTrace Verbose: 0 : 3528, 1, 2024/06/04, 11:47:06.685, 13656190168214, vstest.console.dll, TestPluginCache.GetExtensionPaths: Added default extension paths: C:\Program Files\dotnet\sdk\8.0.202\Extensions\Microsoft.Diagnostics.NETCore.Client.dll
C:\Program Files\dotnet\sdk\8.0.202\Extensions\Microsoft.TestPlatform.Extensions.BlameDataCollector.dll
C:\Program Files\dotnet\sdk\8.0.202\Extensions\Microsoft.TestPlatform.Extensions.EventLogCollector.dll
C:\Program Files\dotnet\sdk\8.0.202\Extensions\Microsoft.TestPlatform.TestHostRuntimeProvider.dll
C:\Program Files\dotnet\sdk\8.0.202\Extensions\Microsoft.VisualStudio.TestPlatform.Extensions.Html.TestLogger.dll
C:\Program Files\dotnet\sdk\8.0.202\Extensions\Microsoft.VisualStudio.TestPlatform.Extensions.Trx.TestLogger.dll
TpTrace Verbose: 0 : 3528, 1, 2024/06/04, 11:47:06.685, 13656190168432, vstest.console.dll, TestPluginCache.GetExtensionPaths: Added unfilterableExtensionPaths: 
TpTrace Information: 0 : 3528, 1, 2024/06/04, 11:47:06.685, 13656190169834, vstest.console.dll, AssemblyResolver.AddSearchDirectories: Adding more searchDirectories C:\Program Files\dotnet\sdk\8.0.202\Extensions,C:\Program Files\dotnet\sdk\8.0.202
TpTrace Verbose: 0 : 3528, 1, 2024/06/04, 11:47:06.685, 13656190170163, vstest.console.dll, TestPluginCache.DiscoverTestExtensions: Discovering the extensions using extension path.
TpTrace Verbose: 0 : 3528, 1, 2024/06/04, 11:47:06.685, 13656190170387, vstest.console.dll, TestPluginCache.GetExtensionPaths: Filtered extension paths: 
TpTrace Verbose: 0 : 3528, 1, 2024/06/04, 11:47:06.685, 13656190170628, vstest.console.dll, TestPluginCache.GetExtensionPaths: Added default extension paths: C:\Program Files\dotnet\sdk\8.0.202\Extensions\Microsoft.Diagnostics.NETCore.Client.dll
C:\Program Files\dotnet\sdk\8.0.202\Extensions\Microsoft.TestPlatform.Extensions.BlameDataCollector.dll
C:\Program Files\dotnet\sdk\8.0.202\Extensions\Microsoft.TestPlatform.Extensions.EventLogCollector.dll
C:\Program Files\dotnet\sdk\8.0.202\Extensions\Microsoft.TestPlatform.TestHostRuntimeProvider.dll
C:\Program Files\dotnet\sdk\8.0.202\Extensions\Microsoft.VisualStudio.TestPlatform.Extensions.Html.TestLogger.dll
C:\Program Files\dotnet\sdk\8.0.202\Extensions\Microsoft.VisualStudio.TestPlatform.Extensions.Trx.TestLogger.dll
TpTrace Verbose: 0 : 3528, 1, 2024/06/04, 11:47:06.685, 13656190170821, vstest.console.dll, TestPluginCache.GetExtensionPaths: Added unfilterableExtensionPaths: 
TpTrace Verbose: 0 : 3528, 1, 2024/06/04, 11:47:06.685, 13656190171046, vstest.console.dll, TestPluginCache.DiscoverTestExtensions: Discovering the extensions using allExtensionPaths: C:\Program Files\dotnet\sdk\8.0.202\Extensions\Microsoft.Diagnostics.NETCore.Client.dll
C:\Program Files\dotnet\sdk\8.0.202\Extensions\Microsoft.TestPlatform.Extensions.BlameDataCollector.dll
C:\Program Files\dotnet\sdk\8.0.202\Extensions\Microsoft.TestPlatform.Extensions.EventLogCollector.dll
C:\Program Files\dotnet\sdk\8.0.202\Extensions\Microsoft.TestPlatform.TestHostRuntimeProvider.dll
C:\Program Files\dotnet\sdk\8.0.202\Extensions\Microsoft.VisualStudio.TestPlatform.Extensions.Html.TestLogger.dll
C:\Program Files\dotnet\sdk\8.0.202\Extensions\Microsoft.VisualStudio.TestPlatform.Extensions.Trx.TestLogger.dll
TpTrace Information: 0 : 3528, 1, 2024/06/04, 11:47:06.685, 13656190171878, vstest.console.dll, AssemblyResolver.AddSearchDirectories: Adding more searchDirectories C:\Program Files\dotnet\sdk\8.0.202\Extensions,C:\Program Files\dotnet\sdk\8.0.202
TpTrace Information: 0 : 3528, 1, 2024/06/04, 11:47:06.685, 13656190172173, vstest.console.dll, AssemblyResolver.AddSearchDirectories: Adding more searchDirectories C:\Program Files\dotnet\sdk\8.0.202\Extensions,C:\Program Files\dotnet\sdk\8.0.202
TpTrace Information: 0 : 3528, 1, 2024/06/04, 11:47:06.685, 13656190172372, vstest.console.dll, AssemblyResolver.AddSearchDirectories: Adding more searchDirectories C:\Program Files\dotnet\sdk\8.0.202\Extensions,C:\Program Files\dotnet\sdk\8.0.202
TpTrace Information: 0 : 3528, 1, 2024/06/04, 11:47:06.685, 13656190172594, vstest.console.dll, AssemblyResolver.AddSearchDirectories: Adding more searchDirectories C:\Program Files\dotnet\sdk\8.0.202\Extensions,C:\Program Files\dotnet\sdk\8.0.202
TpTrace Information: 0 : 3528, 1, 2024/06/04, 11:47:06.685, 13656190172809, vstest.console.dll, AssemblyResolver.AddSearchDirectories: Adding more searchDirectories C:\Program Files\dotnet\sdk\8.0.202\Extensions,C:\Program Files\dotnet\sdk\8.0.202
TpTrace Information: 0 : 3528, 1, 2024/06/04, 11:47:06.685, 13656190172997, vstest.console.dll, AssemblyResolver.AddSearchDirectories: Adding more searchDirectories C:\Program Files\dotnet\sdk\8.0.202\Extensions,C:\Program Files\dotnet\sdk\8.0.202
TpTrace Verbose: 0 : 3528, 1, 2024/06/04, 11:47:06.686, 13656190173933, vstest.console.dll, MetadataReaderExtensionsHelper: Discovering extensions inside assembly 'Microsoft.Diagnostics.NETCore.Client, Version=0.2.9.2401, Culture=neutral, PublicKeyToken=31bf3856ad364e35' file path 'C:\Program Files\dotnet\sdk\8.0.202\Extensions\Microsoft.Diagnostics.NETCore.Client.dll'
TpTrace Information: 0 : 3528, 1, 2024/06/04, 11:47:06.686, 13656190180693, vstest.console.dll, AssemblyResolver.OnResolve: Microsoft.Bcl.AsyncInterfaces: Resolving assembly.
TpTrace Information: 0 : 3528, 1, 2024/06/04, 11:47:06.686, 13656190181392, vstest.console.dll, AssemblyResolver.OnResolve: Microsoft.Bcl.AsyncInterfaces: Resolved from cache.
TpTrace Verbose: 0 : 3528, 1, 2024/06/04, 11:47:06.686, 13656190181602, vstest.console.dll, CurrentDomainAssemblyResolve: Resolving assembly 'Microsoft.Bcl.AsyncInterfaces'.
TpTrace Information: 0 : 3528, 1, 2024/06/04, 11:47:06.686, 13656190181935, vstest.console.dll, AssemblyResolver.OnResolve: Microsoft.Bcl.AsyncInterfaces: Resolving assembly.
TpTrace Information: 0 : 3528, 1, 2024/06/04, 11:47:06.686, 13656190182120, vstest.console.dll, AssemblyResolver.OnResolve: Microsoft.Bcl.AsyncInterfaces: Resolved from cache.
TpTrace Verbose: 0 : 3528, 1, 2024/06/04, 11:47:06.686, 13656190182285, vstest.console.dll, CurrentDomainAssemblyResolve: Resolving assembly 'Microsoft.Bcl.AsyncInterfaces'.
TpTrace Verbose: 0 : 3528, 1, 2024/06/04, 11:47:06.686, 13656190182454, vstest.console.dll, CurrentDomainAssemblyResolve: Failed to resolve assembly 'Microsoft.Bcl.AsyncInterfaces'.
TpTrace Verbose: 0 : 3528, 1, 2024/06/04, 11:47:06.687, 13656190183795, vstest.console.dll, CurrentDomainAssemblyResolve: Failed to resolve assembly 'Microsoft.Bcl.AsyncInterfaces'.
TpTrace Warning: 0 : 3528, 1, 2024/06/04, 11:47:06.687, 13656190186474, vstest.console.dll, TestPluginDiscoverer: Failed to get types from assembly 'Microsoft.Diagnostics.NETCore.Client, Version=0.2.9.2401, Culture=neutral, PublicKeyToken=31bf3856ad364e35'. Error: System.Reflection.ReflectionTypeLoadException: Unable to load one or more of the requested types.
Could not load file or assembly 'Microsoft.Bcl.AsyncInterfaces, Version=6.0.0.0, Culture=neutral, PublicKeyToken=cc7b13ffcd2ddd51'. The system cannot find the file specified.
   at System.Reflection.RuntimeModule.GetTypes(RuntimeModule module)
   at System.Reflection.RuntimeModule.GetTypes()
   at Microsoft.VisualStudio.TestPlatform.Common.ExtensionFramework.TestPluginDiscoverer.GetTestExtensionsFromAssembly[TPluginInfo,TExtension](Assembly assembly, Dictionary`2 pluginInfos, String filePath) in /_/src/Microsoft.TestPlatform.Common/ExtensionFramework/TestPluginDiscoverer.cs:line 158
System.IO.FileNotFoundException: Could not load file or assembly 'Microsoft.Bcl.AsyncInterfaces, Version=6.0.0.0, Culture=neutral, PublicKeyToken=cc7b13ffcd2ddd51'. The system cannot find the file specified.
File name: 'Microsoft.Bcl.AsyncInterfaces, Version=6.0.0.0, Culture=neutral, PublicKeyToken=cc7b13ffcd2ddd51'
 ---> System.IO.FileNotFoundException: Could not load file or assembly 'Microsoft.Bcl.AsyncInterfaces, Culture=neutral, PublicKeyToken=null'. The system cannot find the file specified.
File name: 'Microsoft.Bcl.AsyncInterfaces, Culture=neutral, PublicKeyToken=null'
   at System.Reflection.RuntimeAssembly.InternalLoad(AssemblyName assemblyName, StackCrawlMark& stackMark, AssemblyLoadContext assemblyLoadContext, RuntimeAssembly requestingAssembly, Boolean throwOnFileNotFound)
   at System.Reflection.Assembly.Load(AssemblyName assemblyRef)
   at Microsoft.VisualStudio.TestPlatform.Common.ExtensionFramework.TestPluginCache.CurrentDomainAssemblyResolve(Object sender, AssemblyResolveEventArgs args) in /_/src/Microsoft.TestPlatform.Common/ExtensionFramework/TestPluginCache.cs:line 513
   at System.Runtime.Loader.AssemblyLoadContext.GetFirstResolvedAssemblyFromResolvingEvent(AssemblyName assemblyName)
   at System.Runtime.Loader.AssemblyLoadContext.ResolveUsingEvent(AssemblyName assemblyName)
   at System.Runtime.Loader.AssemblyLoadContext.ResolveUsingResolvingEvent(IntPtr gchManagedAssemblyLoadContext, AssemblyName assemblyName)
TpTrace Warning: 0 : 3528, 1, 2024/06/04, 11:47:06.687, 13656190187732, vstest.console.dll, LoaderExceptions: System.IO.FileNotFoundException: Could not load file or assembly 'Microsoft.Bcl.AsyncInterfaces, Version=6.0.0.0, Culture=neutral, PublicKeyToken=cc7b13ffcd2ddd51'. The system cannot find the file specified.
File name: 'Microsoft.Bcl.AsyncInterfaces, Version=6.0.0.0, Culture=neutral, PublicKeyToken=cc7b13ffcd2ddd51'
 ---> System.IO.FileNotFoundException: Could not load file or assembly 'Microsoft.Bcl.AsyncInterfaces, Culture=neutral, PublicKeyToken=null'. The system cannot find the file specified.
File name: 'Microsoft.Bcl.AsyncInterfaces, Culture=neutral, PublicKeyToken=null'
   at System.Reflection.RuntimeAssembly.InternalLoad(AssemblyName assemblyName, StackCrawlMark& stackMark, AssemblyLoadContext assemblyLoadContext, RuntimeAssembly requestingAssembly, Boolean throwOnFileNotFound)
   at System.Reflection.Assembly.Load(AssemblyName assemblyRef)
   at Microsoft.VisualStudio.TestPlatform.Common.ExtensionFramework.TestPluginCache.CurrentDomainAssemblyResolve(Object sender, AssemblyResolveEventArgs args) in /_/src/Microsoft.TestPlatform.Common/ExtensionFramework/TestPluginCache.cs:line 513
   at System.Runtime.Loader.AssemblyLoadContext.GetFirstResolvedAssemblyFromResolvingEvent(AssemblyName assemblyName)
   at System.Runtime.Loader.AssemblyLoadContext.ResolveUsingEvent(AssemblyName assemblyName)
   at System.Runtime.Loader.AssemblyLoadContext.ResolveUsingResolvingEvent(IntPtr gchManagedAssemblyLoadContext, AssemblyName assemblyName)
TpTrace Verbose: 0 : 3528, 1, 2024/06/04, 11:47:06.687, 13656190188298, vstest.console.dll, MetadataReaderExtensionsHelper: Discovering extensions inside assembly 'Microsoft.TestPlatform.Extensions.BlameDataCollector, Version=15.0.0.0, Culture=neutral, PublicKeyToken=b03f5f7f11d50a3a' file path 'C:\Program Files\dotnet\sdk\8.0.202\Extensions\Microsoft.TestPlatform.Extensions.BlameDataCollector.dll'
TpTrace Information: 0 : 3528, 1, 2024/06/04, 11:47:06.687, 13656190191840, vstest.console.dll, GetTestExtensionFromType: Register extension with identifier data 'logger://Microsoft/TestPlatform/Extensions/Blame/v1' and type 'Microsoft.TestPlatform.Extensions.BlameDataCollector.BlameLogger, Microsoft.TestPlatform.Extensions.BlameDataCollector, Version=15.0.0.0, Culture=neutral, PublicKeyToken=b03f5f7f11d50a3a' inside file 'C:\Program Files\dotnet\sdk\8.0.202\Extensions\Microsoft.TestPlatform.Extensions.BlameDataCollector.dll'
TpTrace Verbose: 0 : 3528, 1, 2024/06/04, 11:47:06.687, 13656190192475, vstest.console.dll, MetadataReaderExtensionsHelper: Discovering extensions inside assembly 'Microsoft.TestPlatform.Extensions.EventLogCollector, Version=15.0.0.0, Culture=neutral, PublicKeyToken=b03f5f7f11d50a3a' file path 'C:\Program Files\dotnet\sdk\8.0.202\Extensions\Microsoft.TestPlatform.Extensions.EventLogCollector.dll'
TpTrace Verbose: 0 : 3528, 1, 2024/06/04, 11:47:06.688, 13656190194962, vstest.console.dll, MetadataReaderExtensionsHelper: Discovering extensions inside assembly 'Microsoft.TestPlatform.TestHostRuntimeProvider, Version=15.0.0.0, Culture=neutral, PublicKeyToken=b03f5f7f11d50a3a' file path 'C:\Program Files\dotnet\sdk\8.0.202\Extensions\Microsoft.TestPlatform.TestHostRuntimeProvider.dll'
TpTrace Verbose: 0 : 3528, 1, 2024/06/04, 11:47:06.688, 13656190197129, vstest.console.dll, MetadataReaderExtensionsHelper: Discovering extensions inside assembly 'Microsoft.VisualStudio.TestPlatform.Extensions.Html.TestLogger, Version=15.0.0.0, Culture=neutral, PublicKeyToken=b03f5f7f11d50a3a' file path 'C:\Program Files\dotnet\sdk\8.0.202\Extensions\Microsoft.VisualStudio.TestPlatform.Extensions.Html.TestLogger.dll'
TpTrace Information: 0 : 3528, 1, 2024/06/04, 11:47:06.688, 13656190200891, vstest.console.dll, GetTestExtensionFromType: Register extension with identifier data 'logger://Microsoft/TestPlatform/HtmlLogger/v1' and type 'Microsoft.VisualStudio.TestPlatform.Extensions.HtmlLogger.HtmlLogger, Microsoft.VisualStudio.TestPlatform.Extensions.Html.TestLogger, Version=15.0.0.0, Culture=neutral, PublicKeyToken=b03f5f7f11d50a3a' inside file 'C:\Program Files\dotnet\sdk\8.0.202\Extensions\Microsoft.VisualStudio.TestPlatform.Extensions.Html.TestLogger.dll'
TpTrace Verbose: 0 : 3528, 1, 2024/06/04, 11:47:06.688, 13656190201461, vstest.console.dll, MetadataReaderExtensionsHelper: Discovering extensions inside assembly 'Microsoft.VisualStudio.TestPlatform.Extensions.Trx.TestLogger, Version=15.0.0.0, Culture=neutral, PublicKeyToken=b03f5f7f11d50a3a' file path 'C:\Program Files\dotnet\sdk\8.0.202\Extensions\Microsoft.VisualStudio.TestPlatform.Extensions.Trx.TestLogger.dll'
TpTrace Information: 0 : 3528, 1, 2024/06/04, 11:47:06.689, 13656190203830, vstest.console.dll, GetTestExtensionFromType: Register extension with identifier data 'logger://Microsoft/TestPlatform/TrxLogger/v1' and type 'Microsoft.VisualStudio.TestPlatform.Extensions.TrxLogger.TrxLogger, Microsoft.VisualStudio.TestPlatform.Extensions.Trx.TestLogger, Version=15.0.0.0, Culture=neutral, PublicKeyToken=b03f5f7f11d50a3a' inside file 'C:\Program Files\dotnet\sdk\8.0.202\Extensions\Microsoft.VisualStudio.TestPlatform.Extensions.Trx.TestLogger.dll'
TpTrace Verbose: 0 : 3528, 1, 2024/06/04, 11:47:06.689, 13656190204322, vstest.console.dll, TestPluginCache: Discovered the extensions using extension path ''.
TpTrace Verbose: 0 : 3528, 1, 2024/06/04, 11:47:06.689, 13656190204513, vstest.console.dll, TestPluginCache: Discoverers are ''.
TpTrace Verbose: 0 : 3528, 1, 2024/06/04, 11:47:06.689, 13656190204673, vstest.console.dll, TestPluginCache: Executors are ''.
TpTrace Verbose: 0 : 3528, 1, 2024/06/04, 11:47:06.689, 13656190204828, vstest.console.dll, TestPluginCache: Executors2 are ''.
TpTrace Verbose: 0 : 3528, 1, 2024/06/04, 11:47:06.689, 13656190205041, vstest.console.dll, TestPluginCache: Setting providers are ''.
TpTrace Verbose: 0 : 3528, 1, 2024/06/04, 11:47:06.689, 13656190205606, vstest.console.dll, TestPluginCache: Loggers are 'logger://Microsoft/TestPlatform/Extensions/Blame/v1,logger://Microsoft/TestPlatform/HtmlLogger/v1,logger://Microsoft/TestPlatform/TrxLogger/v1'.
TpTrace Verbose: 0 : 3528, 1, 2024/06/04, 11:47:06.689, 13656190205915, vstest.console.dll, TestPluginCache: TestHosts are 'HostProvider://DefaultTestHost,HostProvider://DotnetTestHost'.
TpTrace Verbose: 0 : 3528, 1, 2024/06/04, 11:47:06.689, 13656190206087, vstest.console.dll, TestPluginCache: DataCollectors are ''.
TpTrace Information: 0 : 3528, 1, 2024/06/04, 11:47:06.690, 13656190213319, vstest.console.dll, TestPluginManager.CreateTestExtension: Attempting to load test extension: Microsoft.TestPlatform.Extensions.BlameDataCollector.BlameLogger
TpTrace Verbose: 0 : 3528, 1, 2024/06/04, 11:47:06.696, 13656190275307, vstest.console.dll, TestEngine: Initializing Parallel Execution as MaxCpuCount is set to: 1
TpTrace Information: 0 : 3528, 1, 2024/06/04, 11:47:06.697, 13656190287914, vstest.console.dll, TestPluginManager.CreateTestExtension: Attempting to load test extension: Microsoft.VisualStudio.TestPlatform.CrossPlatEngine.Hosting.DefaultTestHostManager
TpTrace Information: 0 : 3528, 1, 2024/06/04, 11:47:06.698, 13656190294027, vstest.console.dll, TestPluginManager.CreateTestExtension: Attempting to load test extension: Microsoft.VisualStudio.TestPlatform.CrossPlatEngine.Hosting.DotnetTestHostManager
TpTrace Information: 0 : 3528, 1, 2024/06/04, 11:47:06.698, 13656190298995, vstest.console.dll, InferRunSettingsHelper.IsTestSettingsEnabled: Unable to navigate to RunSettings/MSTest. Current node: RunSettings
TpTrace Verbose: 0 : 3528, 1, 2024/06/04, 11:47:06.699, 13656190303417, vstest.console.dll, ParallelOperationManager.ClearSlots: Clearing all slots. Slots should accept more work: True
TpTrace Verbose: 0 : 3528, 1, 2024/06/04, 11:47:06.699, 13656190309233, vstest.console.dll, ParallelOperationManager.SetOccupiedSlotCount: Setting slot counts AvailableSlotCount = 1, OccupiedSlotCount = 0.
TpTrace Verbose: 0 : 3528, 1, 2024/06/04, 11:47:06.699, 13656190311747, vstest.console.dll, Occupied slots:

TpTrace Verbose: 0 : 3528, 1, 2024/06/04, 11:47:06.703, 13656190345860, vstest.console.dll, TestEngine.GetExecutionManager: Chosen execution manager 'Microsoft.VisualStudio.TestPlatform.CrossPlatEngine.Client.Parallel.ParallelProxyExecutionManager, Microsoft.TestPlatform.CrossPlatEngine, Version=15.0.0.0, Culture=neutral, PublicKeyToken=b03f5f7f11d50a3a' ParallelLevel '1'.
TpTrace Verbose: 0 : 3528, 1, 2024/06/04, 11:47:06.703, 13656190347586, vstest.console.dll, TestRunRequest.ExecuteAsync: Creating test run request.
TpTrace Verbose: 0 : 3528, 1, 2024/06/04, 11:47:06.703, 13656190349446, vstest.console.dll, TestRunRequest.ExecuteAsync: Starting.
TpTrace Information: 0 : 3528, 1, 2024/06/04, 11:47:06.705, 13656190363557, vstest.console.dll, TestRunRequest.ExecuteAsync: Starting run with settings:TestRunCriteria:
   KeepAlive=False,FrequencyOfRunStatsChangeEvent=10,RunStatsChangeEventTimeout=00:00:01.5000000,TestCaseFilter=,TestExecutorLauncher=
   Settingsxml=<RunSettings>
  <RunConfiguration>
    <ResultsDirectory>C:\Users\VC\Documents\Training\MiniProject\HotelBookingSystemSolution\APITest\bin\Debug\net6.0\fine-code-coverage\coverage-tool-output</ResultsDirectory>
    <TargetPlatform>X64</TargetPlatform>
    <TargetFrameworkVersion>.NETCoreApp,Version=v6.0</TargetFrameworkVersion>
    <DesignMode>False</DesignMode>
    <CollectSourceInformation>False</CollectSourceInformation>
  </RunConfiguration>
  <LoggerRunSettings>
    <Loggers>
      <Logger friendlyName="blame" enabled="True" />
      <Logger friendlyName="Console" uri="logger://microsoft/TestPlatform/ConsoleLogger/v1" assemblyQualifiedName="Microsoft.VisualStudio.TestPlatform.CommandLine.Internal.ConsoleLogger, vstest.console, Version=15.0.0.0, Culture=neutral, PublicKeyToken=b03f5f7f11d50a3a" codeBase="C:\Program Files\dotnet\sdk\8.0.202\vstest.console.dll" enabled="True" />
    </Loggers>
  </LoggerRunSettings>
  <DataCollectionRunSettings>
    <DataCollectors>
      <DataCollector friendlyName="blame" enabled="True">
        <Configuration>
          <ResultsDirectory>C:\Users\VC\Documents\Training\MiniProject\HotelBookingSystemSolution\APITest\bin\Debug\net6.0\fine-code-coverage\coverage-tool-output</ResultsDirectory>
        </Configuration>
      </DataCollector>
    </DataCollectors>
  </DataCollectionRunSettings>
</RunSettings>

TpTrace Verbose: 0 : 3528, 1, 2024/06/04, 11:47:06.705, 13656190364142, vstest.console.dll, TestRunRequest.ExecuteAsync: Wait for the first run request is over.
TpTrace Verbose: 0 : 3528, 1, 2024/06/04, 11:47:06.705, 13656190366828, vstest.console.dll, MulticastDelegateUtilities.SafeInvoke: TestRun.TestRunStart: Invoking callbacks was skipped because there are no subscribers.
TpTrace Verbose: 0 : 3528, 4, 2024/06/04, 11:47:06.705, 13656190369551, vstest.console.dll, MulticastDelegateUtilities.SafeInvoke: InternalTestLoggerEvents.SendTestRunStart: Invoking callback 1/1 for Microsoft.VisualStudio.TestPlatform.CommandLine.Internal.ConsoleLogger., took 0 ms.
TpTrace Verbose: 0 : 3528, 1, 2024/06/04, 11:47:06.706, 13656190375035, vstest.console.dll, ParallelProxyExecutionManager: Start execution. Total sources: 1
TpTrace Verbose: 0 : 3528, 1, 2024/06/04, 11:47:06.706, 13656190377795, vstest.console.dll, ParallelOperationManager.StartWork: Starting adding 1 workloads.
TpTrace Verbose: 0 : 3528, 1, 2024/06/04, 11:47:06.706, 13656190378289, vstest.console.dll, ParallelOperationManager.ClearSlots: Clearing all slots. Slots should accept more work: True
TpTrace Verbose: 0 : 3528, 1, 2024/06/04, 11:47:06.706, 13656190378838, vstest.console.dll, ParallelOperationManager.SetOccupiedSlotCount: Setting slot counts AvailableSlotCount = 1, OccupiedSlotCount = 0.
TpTrace Verbose: 0 : 3528, 1, 2024/06/04, 11:47:06.706, 13656190379080, vstest.console.dll, Occupied slots:

TpTrace Verbose: 0 : 3528, 1, 2024/06/04, 11:47:06.707, 13656190391305, vstest.console.dll, TestRequestSender is acting as server.
TpTrace Verbose: 0 : 3528, 1, 2024/06/04, 11:47:06.708, 13656190402024, vstest.console.dll, ParallelOperationManager.RunWorkInParallel: Adding 1 workload to slot, remaining workloads 0.
TpTrace Verbose: 0 : 3528, 1, 2024/06/04, 11:47:06.708, 13656190402788, vstest.console.dll, ParallelOperationManager.SetOccupiedSlotCount: Setting slot counts AvailableSlotCount = 0, OccupiedSlotCount = 1.
TpTrace Verbose: 0 : 3528, 1, 2024/06/04, 11:47:06.709, 13656190403736, vstest.console.dll, Occupied slots:
0: C:\Users\VC\Documents\Training\MiniProject\HotelBookingSystemSolution\APITest\bin\Debug\net6.0\fine-code-coverage\build-output\APITest.dll
TpTrace Verbose: 0 : 3528, 1, 2024/06/04, 11:47:06.710, 13656190414463, vstest.console.dll, ParallelOperationManager.RunWorkInParallel: Started host in slot number 0 for work (source): C:\Users\VC\Documents\Training\MiniProject\HotelBookingSystemSolution\APITest\bin\Debug\net6.0\fine-code-coverage\build-output\APITest.dll.
TpTrace Verbose: 0 : 3528, 1, 2024/06/04, 11:47:06.711, 13656190425322, vstest.console.dll, ParallelOperationManager.RunWorkInParallel: We started 1 work items, which is the max parallel level. Won't start more work.
TpTrace Verbose: 0 : 3528, 1, 2024/06/04, 11:47:06.711, 13656190425877, vstest.console.dll, ParallelOperationManager.RunWorkInParallel: We started 1 work items in here, returning True.
TpTrace Information: 0 : 3528, 1, 2024/06/04, 11:47:06.711, 13656190426391, vstest.console.dll, TestRunRequest.ExecuteAsync: Started.
TpTrace Verbose: 0 : 3528, 5, 2024/06/04, 11:47:06.711, 13656190426743, vstest.console.dll, ParallelProxyExecutionManager.StartTestRunOnConcurrentManager: Initializing uninitialized client. Started clients: 0
TpTrace Verbose: 0 : 3528, 5, 2024/06/04, 11:47:06.711, 13656190428280, vstest.console.dll, DataCollectionRequestSender.InitializeCommunication : Initialize communication. 
TpTrace Verbose: 0 : 3528, 1, 2024/06/04, 11:47:06.711, 13656190433007, vstest.console.dll, TestRunRequest.WaitForCompletion: Waiting with timeout -1.
TpTrace Information: 0 : 3528, 5, 2024/06/04, 11:47:06.717, 13656190489006, vstest.console.dll, Listening on Endpoint : 127.0.0.1:53617
TpTrace Verbose: 0 : 3528, 5, 2024/06/04, 11:47:06.723, 13656190544441, vstest.console.dll, DotnetDataCollectionLauncher: Adding  --runtimeconfig "C:\Program Files\dotnet\sdk\8.0.202\datacollector.runtimeconfig.json" in args
TpTrace Verbose: 0 : 3528, 5, 2024/06/04, 11:47:06.723, 13656190545638, vstest.console.dll, DotnetDataCollectionLauncher: Adding  --depsfile "C:\Program Files\dotnet\sdk\8.0.202\datacollector.deps.json" in args
TpTrace Verbose: 0 : 3528, 5, 2024/06/04, 11:47:06.723, 13656190546972, vstest.console.dll, DotnetDataCollectionLauncher: Full path of dotnet.exe is C:\Program Files\dotnet\dotnet.exe
TpTrace Information: 0 : 3528, 5, 2024/06/04, 11:47:06.729, 13656190605853, vstest.console.dll, ProxyDataCollectionManager.Initialize: Launched datacollector processId: 19284 port: 53617
TpTrace Information: 0 : 3528, 5, 2024/06/04, 11:47:06.729, 13656190607541, vstest.console.dll, ProxyDataCollectionManager.Initialize: waiting for connection with timeout: 90 seconds
TpTrace Verbose: 0 : 3528, 5, 2024/06/04, 11:47:06.729, 13656190608078, vstest.console.dll, DataCollectionRequestSender.WaitForRequestHandlerConnection : Waiting for connection with timeout: 90000
TpTrace Information: 0 : 3528, 7, 2024/06/04, 11:47:06.864, 13656191960291, vstest.console.dll, Using the buffer size of 16384 bytes
TpTrace Verbose: 0 : 3528, 5, 2024/06/04, 11:47:06.864, 13656191960793, vstest.console.dll, SocketCommunicationManager.WaitForClientConnection took: 135 ms, with 90000 ms timeout, and finished with True.
TpTrace Information: 0 : 3528, 7, 2024/06/04, 11:47:06.864, 13656191961721, vstest.console.dll, Accepted Client request and set the flag
TpTrace Verbose: 0 : 3528, 5, 2024/06/04, 11:47:06.864, 13656191962823, vstest.console.dll, ProxyDataCollectionManager.InvokeDataCollectionServiceAction: Starting.
TpTrace Information: 0 : 3528, 5, 2024/06/04, 11:47:06.865, 13656191963866, vstest.console.dll, ProxyDataCollectionManager.BeforeTestRunStart: Get environment variable and port for datacollector processId: 19284 port: 53617
TpTrace Verbose: 0 : 3528, 5, 2024/06/04, 11:47:06.865, 13656191965122, vstest.console.dll, DataCollectionRequestSender.SendBeforeTestRunStartAndGetResult: Send BeforeTestRunStart message with settingsXml <RunSettings><RunConfiguration><ResultsDirectory>C:\Users\VC\Documents\Training\MiniProject\HotelBookingSystemSolution\APITest\bin\Debug\net6.0\fine-code-coverage\coverage-tool-output</ResultsDirectory><TargetPlatform>X64</TargetPlatform><TargetFrameworkVersion>.NETCoreApp,Version=v6.0</TargetFrameworkVersion><DesignMode>False</DesignMode><CollectSourceInformation>False</CollectSourceInformation><TestAdaptersPaths>C:\Program Files\dotnet\sdk\8.0.202\Extensions</TestAdaptersPaths></RunConfiguration><LoggerRunSettings><Loggers><Logger friendlyName="blame" enabled="True" /><Logger friendlyName="Console" uri="logger://microsoft/TestPlatform/ConsoleLogger/v1" assemblyQualifiedName="Microsoft.VisualStudio.TestPlatform.CommandLine.Internal.ConsoleLogger, vstest.console, Version=15.0.0.0, Culture=neutral, PublicKeyToken=b03f5f7f11d50a3a" codeBase="C:\Program Files\dotnet\sdk\8.0.202\vstest.console.dll" enabled="True" /></Loggers></LoggerRunSettings><DataCollectionRunSettings><DataCollectors><DataCollector friendlyName="blame" enabled="True"><Configuration><ResultsDirectory>C:\Users\VC\Documents\Training\MiniProject\HotelBookingSystemSolution\APITest\bin\Debug\net6.0\fine-code-coverage\coverage-tool-output</ResultsDirectory></Configuration></DataCollector></DataCollectors></DataCollectionRunSettings></RunSettings> and sources System.Collections.Generic.List`1[System.String]: 
TpTrace Verbose: 0 : 3528, 5, 2024/06/04, 11:47:06.918, 13656192498982, vstest.console.dll, DataCollectionRequestSender.SendBeforeTestRunStartAndGetResult: Received message: (DataCollection.SendMessage) -> {"MessageType":"DataCollection.SendMessage","Payload":{"FriendlyName":null,"Uri":null,"TestCaseId":"00000000-0000-0000-0000-000000000000","Message":"Logging DataCollector Diagnostics in file: C:\\Users\\VC\\Documents\\Training\\MiniProject\\HotelBookingSystemSolution\\APITest\\bin\\Debug\\net6.0\\fine-code-coverage\\coverage-tool-output\\diagnostics.datacollector.24-06-04_11-47-06_72286_5.log","Level":0}}
TpTrace Verbose: 0 : 3528, 5, 2024/06/04, 11:47:07.006, 13656193374462, vstest.console.dll, DataCollectionRequestSender.SendBeforeTestRunStartAndGetResult: Received message: (DataCollection.BeforeTestRunStartResult) -> {"MessageType":"DataCollection.BeforeTestRunStartResult","Payload":{"EnvironmentVariables":{},"DataCollectionEventsPort":53619}}
TpTrace Information: 0 : 3528, 5, 2024/06/04, 11:47:07.010, 13656193417023, vstest.console.dll, ProxyDataCollectionManager.BeforeTestRunStart: SendBeforeTestRunStartAndGetResult successful, env variable from datacollector:   and testhost port: 53619
TpTrace Information: 0 : 3528, 5, 2024/06/04, 11:47:07.010, 13656193418984, vstest.console.dll, ProxyDataCollectionManager.InvokeDataCollectionServiceAction: Completed.
TpTrace Verbose: 0 : 3528, 5, 2024/06/04, 11:47:07.010, 13656193419310, vstest.console.dll, ParallelProxyExecutionManager.StartTestRunOnConcurrentManager: Initializing test run. Started clients: 0
TpTrace Verbose: 0 : 3528, 5, 2024/06/04, 11:47:07.010, 13656193420057, vstest.console.dll, ProxyExecutionManager: Test host is always Lazy initialize.
TpTrace Verbose: 0 : 3528, 5, 2024/06/04, 11:47:07.010, 13656193421803, vstest.console.dll, TestRequestSender.InitializeCommunication: initialize communication. 
TpTrace Information: 0 : 3528, 5, 2024/06/04, 11:47:07.011, 13656193426242, vstest.console.dll, SocketServer.Start: Listening on endpoint : 127.0.0.1:53620
TpTrace Verbose: 0 : 3528, 5, 2024/06/04, 11:47:07.012, 13656193433572, vstest.console.dll, DotnetTestHostmanager.GetTestHostProcessStartInfo: Platform environment 'X64' target architecture 'X64' framework '.NETCoreApp,Version=v6.0' OS 'Windows'
TpTrace Verbose: 0 : 3528, 5, 2024/06/04, 11:47:07.012, 13656193435669, vstest.console.dll, DotnetTestHostmanager: Adding  --runtimeconfig "C:\Users\VC\Documents\Training\MiniProject\HotelBookingSystemSolution\APITest\bin\Debug\net6.0\fine-code-coverage\build-output\APITest.runtimeconfig.json" in args
TpTrace Verbose: 0 : 3528, 5, 2024/06/04, 11:47:07.012, 13656193436356, vstest.console.dll, DotnetTestHostmanager: Adding  --depsfile "C:\Users\VC\Documents\Training\MiniProject\HotelBookingSystemSolution\APITest\bin\Debug\net6.0\fine-code-coverage\build-output\APITest.deps.json" in args
TpTrace Verbose: 0 : 3528, 5, 2024/06/04, 11:47:07.012, 13656193438679, vstest.console.dll, DotnetTestHostmanager.IsWinOnArm: Current PROCESSOR_ARCHITECTURE from environment variable 'AMD64'
TpTrace Verbose: 0 : 3528, 5, 2024/06/04, 11:47:07.012, 13656193439193, vstest.console.dll, DotnetTestHostmanager.IsWinOnArm: Is Windows on ARM 'False'
TpTrace Verbose: 0 : 3528, 5, 2024/06/04, 11:47:07.012, 13656193439889, vstest.console.dll, DotnetTestHostManager: testhost.exe found at path: C:\Users\VC\Documents\Training\MiniProject\HotelBookingSystemSolution\APITest\bin\Debug\net6.0\fine-code-coverage\build-output\testhost.exe
TpTrace Verbose: 0 : 3528, 5, 2024/06/04, 11:47:07.012, 13656193440202, vstest.console.dll, DotnetTestHostmanager: Full path of host exe is C:\Users\VC\Documents\Training\MiniProject\HotelBookingSystemSolution\APITest\bin\Debug\net6.0\fine-code-coverage\build-output\testhost.exe
TpTrace Verbose: 0 : 3528, 5, 2024/06/04, 11:47:07.012, 13656193441210, vstest.console.dll, DotnetTestHostmanager.LaunchTestHostAsync: Found 'VSTEST_WINAPPHOST_DOTNET_ROOT' in env variables, value 'C:\Program Files\dotnet', forwarding to 'DOTNET_ROOT'
TpTrace Verbose: 0 : 3528, 5, 2024/06/04, 11:47:07.012, 13656193442330, vstest.console.dll, DotnetTestHostManager: Starting process 'C:\Users\VC\Documents\Training\MiniProject\HotelBookingSystemSolution\APITest\bin\Debug\net6.0\fine-code-coverage\build-output\testhost.exe' with command line ' --runtimeconfig "C:\Users\VC\Documents\Training\MiniProject\HotelBookingSystemSolution\APITest\bin\Debug\net6.0\fine-code-coverage\build-output\APITest.runtimeconfig.json" --depsfile "C:\Users\VC\Documents\Training\MiniProject\HotelBookingSystemSolution\APITest\bin\Debug\net6.0\fine-code-coverage\build-output\APITest.deps.json" --port 53620 --endpoint 127.0.0.1:053620 --role client --parentprocessid 3528 --diag "C:\Users\VC\Documents\Training\MiniProject\HotelBookingSystemSolution\APITest\bin\Debug\net6.0\fine-code-coverage\coverage-tool-output\diagnostics.host.24-06-04_11-47-07_01167_5.log" --tracelevel 4 --datacollectionport 53619 --telemetryoptedin false'
TpTrace Verbose: 0 : 3528, 5, 2024/06/04, 11:47:07.018, 13656193501814, vstest.console.dll, MulticastDelegateUtilities.SafeInvoke: HostProviderEvents.OnHostLaunched: Invoking callback 1/2 for Microsoft.VisualStudio.TestPlatform.CrossPlatEngine.Client.ProxyExecutionManagerWithDataCollection., took 1 ms.
TpTrace Verbose: 0 : 3528, 5, 2024/06/04, 11:47:07.019, 13656193504669, vstest.console.dll, Test Runtime launched
TpTrace Verbose: 0 : 3528, 5, 2024/06/04, 11:47:07.019, 13656193505232, vstest.console.dll, MulticastDelegateUtilities.SafeInvoke: HostProviderEvents.OnHostLaunched: Invoking callback 2/2 for Microsoft.VisualStudio.TestPlatform.CrossPlatEngine.Client.ProxyOperationManager., took 0 ms.
TpTrace Verbose: 0 : 3528, 5, 2024/06/04, 11:47:07.019, 13656193506987, vstest.console.dll, TestRequestSender.WaitForRequestHandlerConnection: waiting for connection with timeout: 90000.
TpTrace Verbose: 0 : 3528, 7, 2024/06/04, 11:47:07.169, 13656195008287, vstest.console.dll, MulticastDelegateUtilities.SafeInvoke: SocketServer: ClientConnected: Invoking callback 1/1 for Microsoft.VisualStudio.TestPlatform.CommunicationUtilities.TestRequestSender., took 0 ms.
TpTrace Verbose: 0 : 3528, 7, 2024/06/04, 11:47:07.169, 13656195009435, vstest.console.dll, SocketServer.OnClientConnected: Client connected for endPoint: 127.0.0.1:53620, starting MessageLoopAsync:
TpTrace Verbose: 0 : 3528, 5, 2024/06/04, 11:47:07.169, 13656195008689, vstest.console.dll, TestRequestSender.WaitForRequestHandlerConnection: waiting took 150 ms, with timeout 90000 ms, and result 0, which is success.
TpTrace Verbose: 0 : 3528, 7, 2024/06/04, 11:47:07.170, 13656195013610, vstest.console.dll, TcpClientExtensions.MessageLoopAsync: Polling on remoteEndPoint: 127.0.0.1:53621 localEndPoint: 127.0.0.1:53620 after 0 ms
TpTrace Verbose: 0 : 3528, 5, 2024/06/04, 11:47:07.170, 13656195018589, vstest.console.dll, TestRequestSender.CheckVersionWithTestHost: Sending check version message: {"MessageType":"ProtocolVersion","Payload":7}
TpTrace Verbose: 0 : 3528, 7, 2024/06/04, 11:47:07.325, 13656196572796, vstest.console.dll, TcpClientExtensions.MessageLoopAsync: NotifyDataAvailable remoteEndPoint: 127.0.0.1:53621 localEndPoint: 127.0.0.1:53620
TpTrace Verbose: 0 : 3528, 7, 2024/06/04, 11:47:07.326, 13656196575950, vstest.console.dll, TestRequestSender.CheckVersionWithTestHost: onMessageReceived received message: (ProtocolVersion) -> {"MessageType":"ProtocolVersion","Payload":7}
TpTrace Verbose: 0 : 3528, 7, 2024/06/04, 11:47:07.326, 13656196582941, vstest.console.dll, MulticastDelegateUtilities.SafeInvoke: LengthPrefixCommunicationChannel: MessageReceived: Invoking callback 1/1 for Microsoft.VisualStudio.TestPlatform.CommunicationUtilities.TestRequestSender+<>c__DisplayClass29_0., took 0 ms.
TpTrace Verbose: 0 : 3528, 7, 2024/06/04, 11:47:07.327, 13656196583864, vstest.console.dll, TcpClientExtensions.MessageLoopAsync: Polling on remoteEndPoint: 127.0.0.1:53621 localEndPoint: 127.0.0.1:53620 after 156 ms
TpTrace Verbose: 0 : 3528, 5, 2024/06/04, 11:47:07.327, 13656196584611, vstest.console.dll, TestPluginCache.GetExtensionPaths: Filtered extension paths: 
TpTrace Verbose: 0 : 3528, 5, 2024/06/04, 11:47:07.327, 13656196585566, vstest.console.dll, TestPluginCache.GetExtensionPaths: Added default extension paths: C:\Program Files\dotnet\sdk\8.0.202\Extensions\Microsoft.Diagnostics.NETCore.Client.dll
C:\Program Files\dotnet\sdk\8.0.202\Extensions\Microsoft.TestPlatform.Extensions.BlameDataCollector.dll
C:\Program Files\dotnet\sdk\8.0.202\Extensions\Microsoft.TestPlatform.Extensions.EventLogCollector.dll
C:\Program Files\dotnet\sdk\8.0.202\Extensions\Microsoft.TestPlatform.TestHostRuntimeProvider.dll
C:\Program Files\dotnet\sdk\8.0.202\Extensions\Microsoft.VisualStudio.TestPlatform.Extensions.Html.TestLogger.dll
C:\Program Files\dotnet\sdk\8.0.202\Extensions\Microsoft.VisualStudio.TestPlatform.Extensions.Trx.TestLogger.dll
TpTrace Verbose: 0 : 3528, 5, 2024/06/04, 11:47:07.327, 13656196587153, vstest.console.dll, TestPluginCache.GetExtensionPaths: Added unfilterableExtensionPaths: 
TpTrace Verbose: 0 : 3528, 5, 2024/06/04, 11:47:07.332, 13656196637781, vstest.console.dll, TestRequestSender.InitializeExecution: Sending initialize execution with message: {"Version":7,"MessageType":"TestExecution.Initialize","Payload":["C:\\Users\\VC\\Documents\\Training\\MiniProject\\HotelBookingSystemSolution\\APITest\\bin\\Debug\\net6.0\\fine-code-coverage\\build-output\\NUnit3.TestAdapter.dll"]}
TpTrace Verbose: 0 : 3528, 5, 2024/06/04, 11:47:07.332, 13656196641405, vstest.console.dll, ParallelProxyExecutionManager.StartTestRunOnConcurrentManager: Execution starting. Started clients: 1
TpTrace Verbose: 0 : 3528, 5, 2024/06/04, 11:47:07.333, 13656196646141, vstest.console.dll, TestRunRequest:SendTestRunMessage: Starting.
TpTrace Verbose: 0 : 3528, 5, 2024/06/04, 11:47:07.333, 13656196649335, vstest.console.dll, MulticastDelegateUtilities.SafeInvoke: TestRun.LogMessages: Invoking callback 1/1 for Microsoft.VisualStudio.TestPlatform.CommandLine.TestRunResultAggregator., took 0 ms.
TpTrace Information: 0 : 3528, 5, 2024/06/04, 11:47:07.333, 13656196650071, vstest.console.dll, TestRunRequest:SendTestRunMessage: Completed.
TpTrace Verbose: 0 : 3528, 4, 2024/06/04, 11:47:07.334, 13656196653777, vstest.console.dll, MulticastDelegateUtilities.SafeInvoke: InternalTestLoggerEvents.SendTestRunMessage: Invoking callback 1/1 for Microsoft.VisualStudio.TestPlatform.CommandLine.Internal.ConsoleLogger., took 0 ms.
TpTrace Warning: 0 : 3528, 5, 2024/06/04, 11:47:07.334, 13656196655849, vstest.console.dll, InferRunSettingsHelper.MakeRunsettingsCompatible: Removing the following settings: TargetPlatform from RunSettings file. To use those settings please move to latest version of Microsoft.NET.Test.Sdk
TpTrace Verbose: 0 : 3528, 7, 2024/06/04, 11:47:07.335, 13656196665925, vstest.console.dll, TcpClientExtensions.MessageLoopAsync: NotifyDataAvailable remoteEndPoint: 127.0.0.1:53621 localEndPoint: 127.0.0.1:53620
TpTrace Verbose: 0 : 3528, 7, 2024/06/04, 11:47:07.335, 13656196670238, vstest.console.dll, TestRequestSender.OnExecutionMessageReceived: Received message: {"Version":7,"MessageType":"TestSession.Message","Payload":{"MessageLevel":0,"Message":"Logging TestHost Diagnostics in file: C:\\Users\\VC\\Documents\\Training\\MiniProject\\HotelBookingSystemSolution\\APITest\\bin\\Debug\\net6.0\\fine-code-coverage\\coverage-tool-output\\diagnostics.host.24-06-04_11-47-07_01167_5.log"}}
TpTrace Verbose: 0 : 3528, 7, 2024/06/04, 11:47:07.338, 13656196699976, vstest.console.dll, TestRunRequest:SendTestRunMessage: Starting.
TpTrace Verbose: 0 : 3528, 7, 2024/06/04, 11:47:07.338, 13656196701517, vstest.console.dll, MulticastDelegateUtilities.SafeInvoke: TestRun.LogMessages: Invoking callback 1/1 for Microsoft.VisualStudio.TestPlatform.CommandLine.TestRunResultAggregator., took 0 ms.
TpTrace Verbose: 0 : 3528, 4, 2024/06/04, 11:47:07.338, 13656196701615, vstest.console.dll, MulticastDelegateUtilities.SafeInvoke: InternalTestLoggerEvents.SendTestRunMessage: Invoking callback 1/1 for Microsoft.VisualStudio.TestPlatform.CommandLine.Internal.ConsoleLogger., took 0 ms.
TpTrace Information: 0 : 3528, 7, 2024/06/04, 11:47:07.338, 13656196701966, vstest.console.dll, TestRunRequest:SendTestRunMessage: Completed.
TpTrace Verbose: 0 : 3528, 7, 2024/06/04, 11:47:07.338, 13656196702858, vstest.console.dll, MulticastDelegateUtilities.SafeInvoke: LengthPrefixCommunicationChannel: MessageReceived: Invoking callback 1/1 for Microsoft.VisualStudio.TestPlatform.CommunicationUtilities.TestRequestSender+<>c__DisplayClass34_0., took 3 ms.
TpTrace Verbose: 0 : 3528, 7, 2024/06/04, 11:47:07.339, 13656196703224, vstest.console.dll, TcpClientExtensions.MessageLoopAsync: Polling on remoteEndPoint: 127.0.0.1:53621 localEndPoint: 127.0.0.1:53620 after 11 ms
TpTrace Verbose: 0 : 3528, 5, 2024/06/04, 11:47:07.351, 13656196832287, vstest.console.dll, TestRequestSender.StartTestRun: Sending test run with message: {"Version":7,"MessageType":"TestExecution.StartWithSources","Payload":{"AdapterSourceMap":{"_none_":["C:\\Users\\VC\\Documents\\Training\\MiniProject\\HotelBookingSystemSolution\\APITest\\bin\\Debug\\net6.0\\fine-code-coverage\\build-output\\APITest.dll"]},"RunSettings":"<RunSettings>\r\n  <RunConfiguration>\r\n    <ResultsDirectory>C:\\Users\\VC\\Documents\\Training\\MiniProject\\HotelBookingSystemSolution\\APITest\\bin\\Debug\\net6.0\\fine-code-coverage\\coverage-tool-output</ResultsDirectory>\r\n    <TargetFrameworkVersion>.NETCoreApp,Version=v6.0</TargetFrameworkVersion>\r\n    <DesignMode>False</DesignMode>\r\n    <CollectSourceInformation>False</CollectSourceInformation>\r\n  </RunConfiguration>\r\n  <LoggerRunSettings>\r\n    <Loggers>\r\n      <Logger friendlyName=\"blame\" enabled=\"True\" />\r\n      <Logger friendlyName=\"Console\" uri=\"logger://microsoft/TestPlatform/ConsoleLogger/v1\" assemblyQualifiedName=\"Microsoft.VisualStudio.TestPlatform.CommandLine.Internal.ConsoleLogger, vstest.console, Version=15.0.0.0, Culture=neutral, PublicKeyToken=b03f5f7f11d50a3a\" codeBase=\"C:\\Program Files\\dotnet\\sdk\\8.0.202\\vstest.console.dll\" enabled=\"True\" />\r\n    </Loggers>\r\n  </LoggerRunSettings>\r\n  <DataCollectionRunSettings>\r\n    <DataCollectors>\r\n      <DataCollector friendlyName=\"blame\" enabled=\"True\">\r\n        <Configuration>\r\n          <ResultsDirectory>C:\\Users\\VC\\Documents\\Training\\MiniProject\\HotelBookingSystemSolution\\APITest\\bin\\Debug\\net6.0\\fine-code-coverage\\coverage-tool-output</ResultsDirectory>\r\n        </Configuration>\r\n      </DataCollector>\r\n    </DataCollectors>\r\n  </DataCollectionRunSettings>\r\n</RunSettings>","TestExecutionContext":{"FrequencyOfRunStatsChangeEvent":10,"RunStatsChangeEventTimeout":"00:00:01.5000000","InIsolation":false,"KeepAlive":false,"AreTestCaseLevelEventsRequired":false,"IsDebug":false,"TestCaseFilter":null,"FilterOptions":null},"Package":null}}
TpTrace Verbose: 0 : 3528, 5, 2024/06/04, 11:47:07.352, 13656196834698, vstest.console.dll, ParallelProxyExecutionManager.StartTestRunOnConcurrentManager: Execution started. Started clients: 1
TpTrace Verbose: 0 : 3528, 7, 2024/06/04, 11:47:07.611, 13656199426635, vstest.console.dll, TcpClientExtensions.MessageLoopAsync: NotifyDataAvailable remoteEndPoint: 127.0.0.1:53621 localEndPoint: 127.0.0.1:53620
TpTrace Verbose: 0 : 3528, 7, 2024/06/04, 11:47:07.611, 13656199429053, vstest.console.dll, TestRequestSender.OnExecutionMessageReceived: Received message: {"Version":7,"MessageType":"TestSession.Message","Payload":{"MessageLevel":0,"Message":"NUnit Adapter 4.4.0.0: Test execution started"}}
TpTrace Verbose: 0 : 3528, 7, 2024/06/04, 11:47:07.611, 13656199431453, vstest.console.dll, TestRunRequest:SendTestRunMessage: Starting.
TpTrace Verbose: 0 : 3528, 7, 2024/06/04, 11:47:07.611, 13656199432300, vstest.console.dll, MulticastDelegateUtilities.SafeInvoke: TestRun.LogMessages: Invoking callback 1/1 for Microsoft.VisualStudio.TestPlatform.CommandLine.TestRunResultAggregator., took 0 ms.
TpTrace Information: 0 : 3528, 7, 2024/06/04, 11:47:07.611, 13656199432574, vstest.console.dll, TestRunRequest:SendTestRunMessage: Completed.
TpTrace Verbose: 0 : 3528, 7, 2024/06/04, 11:47:07.611, 13656199432937, vstest.console.dll, MulticastDelegateUtilities.SafeInvoke: LengthPrefixCommunicationChannel: MessageReceived: Invoking callback 1/1 for Microsoft.VisualStudio.TestPlatform.CommunicationUtilities.TestRequestSender+<>c__DisplayClass34_0., took 0 ms.
TpTrace Verbose: 0 : 3528, 4, 2024/06/04, 11:47:07.611, 13656199433052, vstest.console.dll, MulticastDelegateUtilities.SafeInvoke: InternalTestLoggerEvents.SendTestRunMessage: Invoking callback 1/1 for Microsoft.VisualStudio.TestPlatform.CommandLine.Internal.ConsoleLogger., took 0 ms.
TpTrace Verbose: 0 : 3528, 7, 2024/06/04, 11:47:07.612, 13656199433325, vstest.console.dll, TcpClientExtensions.MessageLoopAsync: Polling on remoteEndPoint: 127.0.0.1:53621 localEndPoint: 127.0.0.1:53620 after 272 ms
TpTrace Verbose: 0 : 3528, 7, 2024/06/04, 11:47:07.643, 13656199750886, vstest.console.dll, TcpClientExtensions.MessageLoopAsync: NotifyDataAvailable remoteEndPoint: 127.0.0.1:53621 localEndPoint: 127.0.0.1:53620
TpTrace Verbose: 0 : 3528, 7, 2024/06/04, 11:47:07.643, 13656199752887, vstest.console.dll, TestRequestSender.OnExecutionMessageReceived: Received message: {"Version":7,"MessageType":"TestSession.Message","Payload":{"MessageLevel":0,"Message":"Running all tests in C:\\Users\\VC\\Documents\\Training\\MiniProject\\HotelBookingSystemSolution\\APITest\\bin\\Debug\\net6.0\\fine-code-coverage\\build-output\\APITest.dll"}}
TpTrace Verbose: 0 : 3528, 7, 2024/06/04, 11:47:07.644, 13656199754419, vstest.console.dll, TestRunRequest:SendTestRunMessage: Starting.
TpTrace Verbose: 0 : 3528, 7, 2024/06/04, 11:47:07.644, 13656199755023, vstest.console.dll, MulticastDelegateUtilities.SafeInvoke: TestRun.LogMessages: Invoking callback 1/1 for Microsoft.VisualStudio.TestPlatform.CommandLine.TestRunResultAggregator., took 0 ms.
TpTrace Information: 0 : 3528, 7, 2024/06/04, 11:47:07.644, 13656199755291, vstest.console.dll, TestRunRequest:SendTestRunMessage: Completed.
TpTrace Verbose: 0 : 3528, 7, 2024/06/04, 11:47:07.644, 13656199755559, vstest.console.dll, MulticastDelegateUtilities.SafeInvoke: LengthPrefixCommunicationChannel: MessageReceived: Invoking callback 1/1 for Microsoft.VisualStudio.TestPlatform.CommunicationUtilities.TestRequestSender+<>c__DisplayClass34_0., took 0 ms.
TpTrace Verbose: 0 : 3528, 7, 2024/06/04, 11:47:07.644, 13656199755970, vstest.console.dll, TcpClientExtensions.MessageLoopAsync: Polling on remoteEndPoint: 127.0.0.1:53621 localEndPoint: 127.0.0.1:53620 after 32 ms
TpTrace Verbose: 0 : 3528, 4, 2024/06/04, 11:47:07.644, 13656199755764, vstest.console.dll, MulticastDelegateUtilities.SafeInvoke: InternalTestLoggerEvents.SendTestRunMessage: Invoking callback 1/1 for Microsoft.VisualStudio.TestPlatform.CommandLine.Internal.ConsoleLogger., took 0 ms.
TpTrace Verbose: 0 : 3528, 7, 2024/06/04, 11:47:07.811, 13656201426296, vstest.console.dll, TcpClientExtensions.MessageLoopAsync: NotifyDataAvailable remoteEndPoint: 127.0.0.1:53621 localEndPoint: 127.0.0.1:53620
TpTrace Verbose: 0 : 3528, 7, 2024/06/04, 11:47:07.811, 13656201429863, vstest.console.dll, TestRequestSender.OnExecutionMessageReceived: Received message: {"Version":7,"MessageType":"TestSession.Message","Payload":{"MessageLevel":0,"Message":"   NUnit3TestExecutor discovered 20 of 20 NUnit test cases using Current Discovery mode, Non-Explicit run"}}
TpTrace Verbose: 0 : 3528, 7, 2024/06/04, 11:47:07.811, 13656201432194, vstest.console.dll, TestRunRequest:SendTestRunMessage: Starting.
TpTrace Verbose: 0 : 3528, 7, 2024/06/04, 11:47:07.811, 13656201433081, vstest.console.dll, MulticastDelegateUtilities.SafeInvoke: TestRun.LogMessages: Invoking callback 1/1 for Microsoft.VisualStudio.TestPlatform.CommandLine.TestRunResultAggregator., took 0 ms.
TpTrace Verbose: 0 : 3528, 4, 2024/06/04, 11:47:07.812, 13656201433447, vstest.console.dll, MulticastDelegateUtilities.SafeInvoke: InternalTestLoggerEvents.SendTestRunMessage: Invoking callback 1/1 for Microsoft.VisualStudio.TestPlatform.CommandLine.Internal.ConsoleLogger., took 0 ms.
TpTrace Information: 0 : 3528, 7, 2024/06/04, 11:47:07.812, 13656201433564, vstest.console.dll, TestRunRequest:SendTestRunMessage: Completed.
TpTrace Verbose: 0 : 3528, 7, 2024/06/04, 11:47:07.812, 13656201435308, vstest.console.dll, MulticastDelegateUtilities.SafeInvoke: LengthPrefixCommunicationChannel: MessageReceived: Invoking callback 1/1 for Microsoft.VisualStudio.TestPlatform.CommunicationUtilities.TestRequestSender+<>c__DisplayClass34_0., took 0 ms.
TpTrace Verbose: 0 : 3528, 7, 2024/06/04, 11:47:07.812, 13656201436008, vstest.console.dll, TcpClientExtensions.MessageLoopAsync: Polling on remoteEndPoint: 127.0.0.1:53621 localEndPoint: 127.0.0.1:53620 after 167 ms
TpTrace Verbose: 0 : 3528, 7, 2024/06/04, 11:47:08.823, 13656211544985, vstest.console.dll, TcpClientExtensions.MessageLoopAsync: Polling on remoteEndPoint: 127.0.0.1:53621 localEndPoint: 127.0.0.1:53620 after 1010 ms
TpTrace Verbose: 0 : 3528, 7, 2024/06/04, 11:47:09.029, 13656213612046, vstest.console.dll, TcpClientExtensions.MessageLoopAsync: NotifyDataAvailable remoteEndPoint: 127.0.0.1:53621 localEndPoint: 127.0.0.1:53620
TpTrace Verbose: 0 : 3528, 7, 2024/06/04, 11:47:09.030, 13656213615391, vstest.console.dll, TestRequestSender.OnExecutionMessageReceived: Received message: {"Version":7,"MessageType":"TestExecution.StatsChange","Payload":{"NewTestResults":[{"TestCase":{"Id":"2508b6d8-1a10-8378-32b9-05f8194d31d0","FullyQualifiedName":"APITest.AuthenticationServiceTest.ComparePasswordFailTest","DisplayName":"ComparePasswordFailTest","ExecutorUri":"executor://NUnit3TestExecutor","Source":"C:\\Users\\VC\\Documents\\Training\\MiniProject\\HotelBookingSystemSolution\\APITest\\bin\\Debug\\net6.0\\fine-code-coverage\\build-output\\APITest.dll","CodeFilePath":null,"LineNumber":0,"Properties":[{"Key":{"Id":"NUnit.Seed","Label":"Seed","Category":"","Description":"","Attributes":0,"ValueType":"System.String"},"Value":"1591009784"}]},"Attachments":[],"Outcome":1,"ErrorMessage":null,"ErrorStackTrace":null,"DisplayName":"ComparePasswordFailTest","Messages":[],"ComputerName":"DESKTOP-SBB02HV","Duration":"00:00:00.0241670","StartTime":"2024-06-04T06:17:07.8478531+00:00","EndTime":"2024-06-04T06:17:07.8719343+00:00","Properties":[{"Key":{"Id":"NUnit.Seed","Label":"Seed","Category":"","Description":"","Attributes":0,"ValueType":"System.String"},"Value":"1591009784"}]},{"TestCase":{"Id":"9c9f7cf7-af64-4f01-5aa1-ede45e78761b","FullyQualifiedName":"APITest.AuthenticationServiceTest.ComparePasswordPassTest","DisplayName":"ComparePasswordPassTest","ExecutorUri":"executor://NUnit3TestExecutor","Source":"C:\\Users\\VC\\Documents\\Training\\MiniProject\\HotelBookingSystemSolution\\APITest\\bin\\Debug\\net6.0\\fine-code-coverage\\build-output\\APITest.dll","CodeFilePath":null,"LineNumber":0,"Properties":[{"Key":{"Id":"NUnit.Seed","Label":"Seed","Category":"","Description":"","Attributes":0,"ValueType":"System.String"},"Value":"682390060"}]},"Attachments":[],"Outcome":1,"ErrorMessage":null,"ErrorStackTrace":null,"DisplayName":"ComparePasswordPassTest","Messages":[],"ComputerName":"DESKTOP-SBB02HV","Duration":"00:00:00.0004750","StartTime":"2024-06-04T06:17:07.8736089+00:00","EndTime":"2024-06-04T06:17:07.8740839+00:00","Properties":[{"Key":{"Id":"NUnit.Seed","Label":"Seed","Category":"","Description":"","Attributes":0,"ValueType":"System.String"},"Value":"682390060"}]},{"TestCase":{"Id":"ea36511b-5f39-6b3a-2f2f-b411146c7704","FullyQualifiedName":"APITest.AuthenticationServiceTest.GetHashedPasswordPassTest","DisplayName":"GetHashedPasswordPassTest","ExecutorUri":"executor://NUnit3TestExecutor","Source":"C:\\Users\\VC\\Documents\\Training\\MiniProject\\HotelBookingSystemSolution\\APITest\\bin\\Debug\\net6.0\\fine-code-coverage\\build-output\\APITest.dll","CodeFilePath":null,"LineNumber":0,"Properties":[{"Key":{"Id":"NUnit.Seed","Label":"Seed","Category":"","Description":"","Attributes":0,"ValueType":"System.String"},"Value":"395512893"}]},"Attachments":[],"Outcome":1,"ErrorMessage":null,"ErrorStackTrace":null,"DisplayName":"GetHashedPasswordPassTest","Messages":[],"ComputerName":"DESKTOP-SBB02HV","Duration":"00:00:00.0004790","StartTime":"2024-06-04T06:17:07.8741029+00:00","EndTime":"2024-06-04T06:17:07.8745812+00:00","Properties":[{"Key":{"Id":"NUnit.Seed","Label":"Seed","Category":"","Description":"","Attributes":0,"ValueType":"System.String"},"Value":"395512893"}]},{"TestCase":{"Id":"2d88f022-cf3a-22f8-32fc-7733b2a515ae","FullyQualifiedName":"APITest.AuthenticationServiceTest.GetHashKeyPassTest","DisplayName":"GetHashKeyPassTest","ExecutorUri":"executor://NUnit3TestExecutor","Source":"C:\\Users\\VC\\Documents\\Training\\MiniProject\\HotelBookingSystemSolution\\APITest\\bin\\Debug\\net6.0\\fine-code-coverage\\build-output\\APITest.dll","CodeFilePath":null,"LineNumber":0,"Properties":[{"Key":{"Id":"NUnit.Seed","Label":"Seed","Category":"","Description":"","Attributes":0,"ValueType":"System.String"},"Value":"541556198"}]},"Attachments":[],"Outcome":1,"ErrorMessage":null,"ErrorStackTrace":null,"DisplayName":"GetHashKeyPassTest","Messages":[],"ComputerName":"DESKTOP-SBB02HV","Duration":"00:00:00.0001210","StartTime":"2024-06-04T06:17:07.8745926+00:00","EndTime":"2024-06-04T06:17:07.8747132+00:00","Properties":[{"Key":{"Id":"NUnit.Seed","Label":"Seed","Category":"","Description":"","Attributes":0,"ValueType":"System.String"},"Value":"541556198"}]},{"TestCase":{"Id":"11bbb58a-7f2f-1c6c-57a7-fd68409b9c71","FullyQualifiedName":"APITest.AuthenticationServiceTest.PrepareUserForRegisterTest","DisplayName":"PrepareUserForRegisterTest","ExecutorUri":"executor://NUnit3TestExecutor","Source":"C:\\Users\\VC\\Documents\\Training\\MiniProject\\HotelBookingSystemSolution\\APITest\\bin\\Debug\\net6.0\\fine-code-coverage\\build-output\\APITest.dll","CodeFilePath":null,"LineNumber":0,"Properties":[{"Key":{"Id":"NUnit.Seed","Label":"Seed","Category":"","Description":"","Attributes":0,"ValueType":"System.String"},"Value":"686273183"}]},"Attachments":[],"Outcome":1,"ErrorMessage":null,"ErrorStackTrace":null,"DisplayName":"PrepareUserForRegisterTest","Messages":[],"ComputerName":"DESKTOP-SBB02HV","Duration":"00:00:00.0048580","StartTime":"2024-06-04T06:17:07.8747219+00:00","EndTime":"2024-06-04T06:17:07.8795786+00:00","Properties":[{"Key":{"Id":"NUnit.Seed","Label":"Seed","Category":"","Description":"","Attributes":0,"ValueType":"System.String"},"Value":"686273183"}]}],"TestRunStatistics":{"ExecutedTests":5,"Stats":{"Passed":5}},"ActiveTests":[{"Id":"11a87bcd-6d80-d1c7-395a-5dec2c5bbc01","FullyQualifiedName":"APITest.GuestServiceTest.BlockedGuestTest","DisplayName":"BlockedGuestTest","ExecutorUri":"executor://NUnit3TestExecutor","Source":"C:\\Users\\VC\\Documents\\Training\\MiniProject\\HotelBookingSystemSolution\\APITest\\bin\\Debug\\net6.0\\fine-code-coverage\\build-output\\APITest.dll","CodeFilePath":null,"LineNumber":0,"Properties":[{"Key":{"Id":"NUnit.Seed","Label":"Seed","Category":"","Description":"","Attributes":0,"ValueType":"System.String"},"Value":"1314049041"}]}]}}
TpTrace Verbose: 0 : 3528, 7, 2024/06/04, 11:47:09.058, 13656213898615, vstest.console.dll, TestRunRequest:SendTestRunStatsChange: Starting.
TpTrace Verbose: 0 : 3528, 7, 2024/06/04, 11:47:09.058, 13656213899898, vstest.console.dll, InProgress is BlockedGuestTest
TpTrace Verbose: 0 : 3528, 7, 2024/06/04, 11:47:09.058, 13656213901757, vstest.console.dll, MulticastDelegateUtilities.SafeInvoke: TestRun.RunStatsChanged: Invoking callbacks was skipped because there are no subscribers.
TpTrace Information: 0 : 3528, 7, 2024/06/04, 11:47:09.058, 13656213902171, vstest.console.dll, TestRunRequest:SendTestRunStatsChange: Completed.
TpTrace Verbose: 0 : 3528, 7, 2024/06/04, 11:47:09.058, 13656213902414, vstest.console.dll, MulticastDelegateUtilities.SafeInvoke: LengthPrefixCommunicationChannel: MessageReceived: Invoking callback 1/1 for Microsoft.VisualStudio.TestPlatform.CommunicationUtilities.TestRequestSender+<>c__DisplayClass34_0., took 28 ms.
TpTrace Verbose: 0 : 3528, 7, 2024/06/04, 11:47:09.058, 13656213902693, vstest.console.dll, TcpClientExtensions.MessageLoopAsync: Polling on remoteEndPoint: 127.0.0.1:53621 localEndPoint: 127.0.0.1:53620 after 235 ms
TpTrace Verbose: 0 : 3528, 4, 2024/06/04, 11:47:09.060, 13656213919919, vstest.console.dll, MulticastDelegateUtilities.SafeInvoke: InternalTestLoggerEvents.SendTestResult: Invoking callback 1/1 for Microsoft.VisualStudio.TestPlatform.CommandLine.Internal.ConsoleLogger., took 1 ms.
TpTrace Verbose: 0 : 3528, 4, 2024/06/04, 11:47:09.061, 13656213923631, vstest.console.dll, MulticastDelegateUtilities.SafeInvoke: InternalTestLoggerEvents.SendTestResult: Invoking callback 1/1 for Microsoft.VisualStudio.TestPlatform.CommandLine.Internal.ConsoleLogger., took 0 ms.
TpTrace Verbose: 0 : 3528, 4, 2024/06/04, 11:47:09.061, 13656213924465, vstest.console.dll, MulticastDelegateUtilities.SafeInvoke: InternalTestLoggerEvents.SendTestResult: Invoking callback 1/1 for Microsoft.VisualStudio.TestPlatform.CommandLine.Internal.ConsoleLogger., took 0 ms.
TpTrace Verbose: 0 : 3528, 4, 2024/06/04, 11:47:09.061, 13656213924868, vstest.console.dll, MulticastDelegateUtilities.SafeInvoke: InternalTestLoggerEvents.SendTestResult: Invoking callback 1/1 for Microsoft.VisualStudio.TestPlatform.CommandLine.Internal.ConsoleLogger., took 0 ms.
TpTrace Verbose: 0 : 3528, 4, 2024/06/04, 11:47:09.061, 13656213925249, vstest.console.dll, MulticastDelegateUtilities.SafeInvoke: InternalTestLoggerEvents.SendTestResult: Invoking callback 1/1 for Microsoft.VisualStudio.TestPlatform.CommandLine.Internal.ConsoleLogger., took 0 ms.
TpTrace Verbose: 0 : 3528, 7, 2024/06/04, 11:47:09.533, 13656218644729, vstest.console.dll, TcpClientExtensions.MessageLoopAsync: NotifyDataAvailable remoteEndPoint: 127.0.0.1:53621 localEndPoint: 127.0.0.1:53620
TpTrace Verbose: 0 : 3528, 7, 2024/06/04, 11:47:09.533, 13656218648027, vstest.console.dll, TestRequestSender.OnExecutionMessageReceived: Received message: {"Version":7,"MessageType":"TestExecution.StatsChange","Payload":{"NewTestResults":[{"TestCase":{"Id":"11a87bcd-6d80-d1c7-395a-5dec2c5bbc01","FullyQualifiedName":"APITest.GuestServiceTest.BlockedGuestTest","DisplayName":"BlockedGuestTest","ExecutorUri":"executor://NUnit3TestExecutor","Source":"C:\\Users\\VC\\Documents\\Training\\MiniProject\\HotelBookingSystemSolution\\APITest\\bin\\Debug\\net6.0\\fine-code-coverage\\build-output\\APITest.dll","CodeFilePath":null,"LineNumber":0,"Properties":[{"Key":{"Id":"NUnit.Seed","Label":"Seed","Category":"","Description":"","Attributes":0,"ValueType":"System.String"},"Value":"1314049041"}]},"Attachments":[],"Outcome":1,"ErrorMessage":null,"ErrorStackTrace":null,"DisplayName":"BlockedGuestTest","Messages":[],"ComputerName":"DESKTOP-SBB02HV","Duration":"00:00:01.3252320","StartTime":"2024-06-04T06:17:07.8828864+00:00","EndTime":"2024-06-04T06:17:09.2081168+00:00","Properties":[{"Key":{"Id":"NUnit.Seed","Label":"Seed","Category":"","Description":"","Attributes":0,"ValueType":"System.String"},"Value":"1314049041"}]},{"TestCase":{"Id":"e18a8a51-b8ff-1451-c4b3-1315b8e7b75b","FullyQualifiedName":"APITest.GuestServiceTest.EmailExistTest","DisplayName":"EmailExistTest","ExecutorUri":"executor://NUnit3TestExecutor","Source":"C:\\Users\\VC\\Documents\\Training\\MiniProject\\HotelBookingSystemSolution\\APITest\\bin\\Debug\\net6.0\\fine-code-coverage\\build-output\\APITest.dll","CodeFilePath":null,"LineNumber":0,"Properties":[{"Key":{"Id":"NUnit.Seed","Label":"Seed","Category":"","Description":"","Attributes":0,"ValueType":"System.String"},"Value":"1981775675"}]},"Attachments":[],"Outcome":1,"ErrorMessage":null,"ErrorStackTrace":null,"DisplayName":"EmailExistTest","Messages":[],"ComputerName":"DESKTOP-SBB02HV","Duration":"00:00:00.0199900","StartTime":"2024-06-04T06:17:09.2081551+00:00","EndTime":"2024-06-04T06:17:09.2281441+00:00","Properties":[{"Key":{"Id":"NUnit.Seed","Label":"Seed","Category":"","Description":"","Attributes":0,"ValueType":"System.String"},"Value":"1981775675"}]},{"TestCase":{"Id":"9f8ce705-7b6c-0d99-2519-5e8b01a301d2","FullyQualifiedName":"APITest.GuestServiceTest.LoginGuestPassTest","DisplayName":"LoginGuestPassTest","ExecutorUri":"executor://NUnit3TestExecutor","Source":"C:\\Users\\VC\\Documents\\Training\\MiniProject\\HotelBookingSystemSolution\\APITest\\bin\\Debug\\net6.0\\fine-code-coverage\\build-output\\APITest.dll","CodeFilePath":null,"LineNumber":0,"Properties":[{"Key":{"Id":"NUnit.Seed","Label":"Seed","Category":"","Description":"","Attributes":0,"ValueType":"System.String"},"Value":"870191974"}]},"Attachments":[],"Outcome":1,"ErrorMessage":null,"ErrorStackTrace":null,"DisplayName":"LoginGuestPassTest","Messages":[],"ComputerName":"DESKTOP-SBB02HV","Duration":"00:00:00.1332940","StartTime":"2024-06-04T06:17:09.2281724+00:00","EndTime":"2024-06-04T06:17:09.3614653+00:00","Properties":[{"Key":{"Id":"NUnit.Seed","Label":"Seed","Category":"","Description":"","Attributes":0,"ValueType":"System.String"},"Value":"870191974"}]},{"TestCase":{"Id":"4b87452f-fdcf-3b8a-2719-b4a4603c7da8","FullyQualifiedName":"APITest.GuestServiceTest.LoginGuestWithWrongPasswordTest","DisplayName":"LoginGuestWithWrongPasswordTest","ExecutorUri":"executor://NUnit3TestExecutor","Source":"C:\\Users\\VC\\Documents\\Training\\MiniProject\\HotelBookingSystemSolution\\APITest\\bin\\Debug\\net6.0\\fine-code-coverage\\build-output\\APITest.dll","CodeFilePath":null,"LineNumber":0,"Properties":[{"Key":{"Id":"NUnit.Seed","Label":"Seed","Category":"","Description":"","Attributes":0,"ValueType":"System.String"},"Value":"2127050906"}]},"Attachments":[],"Outcome":1,"ErrorMessage":null,"ErrorStackTrace":null,"DisplayName":"LoginGuestWithWrongPasswordTest","Messages":[],"ComputerName":"DESKTOP-SBB02HV","Duration":"00:00:00.0024460","StartTime":"2024-06-04T06:17:09.3615037+00:00","EndTime":"2024-06-04T06:17:09.3639489+00:00","Properties":[{"Key":{"Id":"NUnit.Seed","Label":"Seed","Category":"","Description":"","Attributes":0,"ValueType":"System.String"},"Value":"2127050906"}]},{"TestCase":{"Id":"53002833-b8dc-5c38-6a0d-7bc6220213fb","FullyQualifiedName":"APITest.GuestServiceTest.LoginWithNotExistingEmailTest","DisplayName":"LoginWithNotExistingEmailTest","ExecutorUri":"executor://NUnit3TestExecutor","Source":"C:\\Users\\VC\\Documents\\Training\\MiniProject\\HotelBookingSystemSolution\\APITest\\bin\\Debug\\net6.0\\fine-code-coverage\\build-output\\APITest.dll","CodeFilePath":null,"LineNumber":0,"Properties":[{"Key":{"Id":"NUnit.Seed","Label":"Seed","Category":"","Description":"","Attributes":0,"ValueType":"System.String"},"Value":"1191963820"}]},"Attachments":[],"Outcome":1,"ErrorMessage":null,"ErrorStackTrace":null,"DisplayName":"LoginWithNotExistingEmailTest","Messages":[],"ComputerName":"DESKTOP-SBB02HV","Duration":"00:00:00.0014620","StartTime":"2024-06-04T06:17:09.3639763+00:00","EndTime":"2024-06-04T06:17:09.3654379+00:00","Properties":[{"Key":{"Id":"NUnit.Seed","Label":"Seed","Category":"","Description":"","Attributes":0,"ValueType":"System.String"},"Value":"1191963820"}]},{"TestCase":{"Id":"d4f82fa2-e6a4-9c98-bd9c-0d9a8d44a333","FullyQualifiedName":"APITest.GuestServiceTest.PhoneNumberExistTest","DisplayName":"PhoneNumberExistTest","ExecutorUri":"executor://NUnit3TestExecutor","Source":"C:\\Users\\VC\\Documents\\Training\\MiniProject\\HotelBookingSystemSolution\\APITest\\bin\\Debug\\net6.0\\fine-code-coverage\\build-output\\APITest.dll","CodeFilePath":null,"LineNumber":0,"Properties":[{"Key":{"Id":"NUnit.Seed","Label":"Seed","Category":"","Description":"","Attributes":0,"ValueType":"System.String"},"Value":"75158807"}]},"Attachments":[],"Outcome":1,"ErrorMessage":null,"ErrorStackTrace":null,"DisplayName":"PhoneNumberExistTest","Messages":[],"ComputerName":"DESKTOP-SBB02HV","Duration":"00:00:00.0022600","StartTime":"2024-06-04T06:17:09.3654557+00:00","EndTime":"2024-06-04T06:17:09.3677155+00:00","Properties":[{"Key":{"Id":"NUnit.Seed","Label":"Seed","Category":"","Description":"","Attributes":0,"ValueType":"System.String"},"Value":"75158807"}]},{"TestCase":{"Id":"4f9a15ad-3b13-9db7-ea0e-aad5caafd19d","FullyQualifiedName":"APITest.GuestServiceTest.RegisterGuestPassTest","DisplayName":"RegisterGuestPassTest","ExecutorUri":"executor://NUnit3TestExecutor","Source":"C:\\Users\\VC\\Documents\\Training\\MiniProject\\HotelBookingSystemSolution\\APITest\\bin\\Debug\\net6.0\\fine-code-coverage\\build-output\\APITest.dll","CodeFilePath":null,"LineNumber":0,"Properties":[{"Key":{"Id":"NUnit.Seed","Label":"Seed","Category":"","Description":"","Attributes":0,"ValueType":"System.String"},"Value":"772803029"}]},"Attachments":[],"Outcome":2,"ErrorMessage":"Multiple failures or warnings in test:\r\n  1)   Expected: 2\r\n  But was:  3\r\n\r\n  2)   Expected: 2\r\n  But was:  3\r\n\r\n","ErrorStackTrace":"   at APITest.GuestServiceTest.RegisterGuestPassTest() in C:\\Users\\VC\\Documents\\Training\\MiniProject\\HotelBookingSystemSolution\\APITest\\GuestServiceTest.cs:line 57\r\n   at NUnit.Framework.Internal.TaskAwaitAdapter.GenericAdapter`1.GetResult()\r\n   at NUnit.Framework.Internal.AsyncToSyncAdapter.Await(Func`1 invoke)\r\n   at NUnit.Framework.Internal.Commands.TestMethodCommand.RunTestMethod(TestExecutionContext context)\r\n   at NUnit.Framework.Internal.Commands.TestMethodCommand.Execute(TestExecutionContext context)\r\n   at NUnit.Framework.Internal.Commands.BeforeAndAfterTestCommand.<>c__DisplayClass1_0.<Execute>b__0()\r\n   at NUnit.Framework.Internal.Commands.DelegatingTestCommand.RunTestMethodInThreadAbortSafeZone(TestExecutionContext context, Action action)\r\n\n1)    at APITest.GuestServiceTest.<RegisterGuestPassTest>b__6_0() in C:\\Users\\VC\\Documents\\Training\\MiniProject\\HotelBookingSystemSolution\\APITest\\GuestServiceTest.cs:line 59\r\n   at NUnit.Framework.Assert.Multiple(TestDelegate testDelegate)\r\n   at APITest.GuestServiceTest.RegisterGuestPassTest() in C:\\Users\\VC\\Documents\\Training\\MiniProject\\HotelBookingSystemSolution\\APITest\\GuestServiceTest.cs:line 57\r\n   at System.Runtime.CompilerServices.AsyncMethodBuilderCore.Start[TStateMachine](TStateMachine& stateMachine)\r\n   at APITest.GuestServiceTest.RegisterGuestPassTest()\r\n\n2)    at APITest.GuestServiceTest.<RegisterGuestPassTest>b__6_0() in C:\\Users\\VC\\Documents\\Training\\MiniProject\\HotelBookingSystemSolution\\APITest\\GuestServiceTest.cs:line 60\r\n   at NUnit.Framework.Assert.Multiple(TestDelegate testDelegate)\r\n   at APITest.GuestServiceTest.RegisterGuestPassTest() in C:\\Users\\VC\\Documents\\Training\\MiniProject\\HotelBookingSystemSolution\\APITest\\GuestServiceTest.cs:line 57\r\n   at System.Runtime.CompilerServices.AsyncMethodBuilderCore.Start[TStateMachine](TStateMachine& stateMachine)\r\n   at APITest.GuestServiceTest.RegisterGuestPassTest()\r\n\n","DisplayName":"RegisterGuestPassTest","Messages":[],"ComputerName":"DESKTOP-SBB02HV","Duration":"00:00:00.0936160","StartTime":"2024-06-04T06:17:09.3677473+00:00","EndTime":"2024-06-04T06:17:09.4613623+00:00","Properties":[{"Key":{"Id":"NUnit.Seed","Label":"Seed","Category":"","Description":"","Attributes":0,"ValueType":"System.String"},"Value":"772803029"}]},{"TestCase":{"Id":"9341c975-e1be-87ed-d862-fe3532ddc6ac","FullyQualifiedName":"APITest.TokenServiceTest.CreateTokenPassTest","DisplayName":"CreateTokenPassTest","ExecutorUri":"executor://NUnit3TestExecutor","Source":"C:\\Users\\VC\\Documents\\Training\\MiniProject\\HotelBookingSystemSolution\\APITest\\bin\\Debug\\net6.0\\fine-code-coverage\\build-output\\APITest.dll","CodeFilePath":null,"LineNumber":0,"Properties":[{"Key":{"Id":"NUnit.Seed","Label":"Seed","Category":"","Description":"","Attributes":0,"ValueType":"System.String"},"Value":"994713626"}]},"Attachments":[],"Outcome":1,"ErrorMessage":null,"ErrorStackTrace":null,"DisplayName":"CreateTokenPassTest","Messages":[],"ComputerName":"DESKTOP-SBB02HV","Duration":"00:00:00.0022320","StartTime":"2024-06-04T06:17:09.461861+00:00","EndTime":"2024-06-04T06:17:09.4640923+00:00","Properties":[{"Key":{"Id":"NUnit.Seed","Label":"Seed","Category":"","Description":"","Attributes":0,"ValueType":"System.String"},"Value":"994713626"}]},{"TestCase":{"Id":"08f19b9c-a3dc-5696-2209-fdfa7070347a","FullyQualifiedName":"APITest.UserRepoTest.AddUserPassTest","DisplayName":"AddUserPassTest","ExecutorUri":"executor://NUnit3TestExecutor","Source":"C:\\Users\\VC\\Documents\\Training\\MiniProject\\HotelBookingSystemSolution\\APITest\\bin\\Debug\\net6.0\\fine-code-coverage\\build-output\\APITest.dll","CodeFilePath":null,"LineNumber":0,"Properties":[{"Key":{"Id":"NUnit.Seed","Label":"Seed","Category":"","Description":"","Attributes":0,"ValueType":"System.String"},"Value":"1431022903"}]},"Attachments":[],"Outcome":1,"ErrorMessage":null,"ErrorStackTrace":null,"DisplayName":"AddUserPassTest","Messages":[],"ComputerName":"DESKTOP-SBB02HV","Duration":"00:00:00.0641620","StartTime":"2024-06-04T06:17:09.4643225+00:00","EndTime":"2024-06-04T06:17:09.5284839+00:00","Properties":[{"Key":{"Id":"NUnit.Seed","Label":"Seed","Category":"","Description":"","Attributes":0,"ValueType":"System.String"},"Value":"1431022903"}]}],"TestRunStatistics":{"ExecutedTests":14,"Stats":{"Passed":13,"Failed":1}},"ActiveTests":[{"Id":"3da8394c-a431-6439-2644-df37e04da506","FullyQualifiedName":"APITest.UserRepoTest.DeleteUserFailTest","DisplayName":"DeleteUserFailTest","ExecutorUri":"executor://NUnit3TestExecutor","Source":"C:\\Users\\VC\\Documents\\Training\\MiniProject\\HotelBookingSystemSolution\\APITest\\bin\\Debug\\net6.0\\fine-code-coverage\\build-output\\APITest.dll","CodeFilePath":null,"LineNumber":0,"Properties":[{"Key":{"Id":"NUnit.Seed","Label":"Seed","Category":"","Description":"","Attributes":0,"ValueType":"System.String"},"Value":"202717904"}]}]}}
TpTrace Verbose: 0 : 3528, 7, 2024/06/04, 11:47:09.535, 13656218670406, vstest.console.dll, TestRunRequest:SendTestRunStatsChange: Starting.
TpTrace Verbose: 0 : 3528, 7, 2024/06/04, 11:47:09.535, 13656218671201, vstest.console.dll, InProgress is DeleteUserFailTest
TpTrace Verbose: 0 : 3528, 7, 2024/06/04, 11:47:09.535, 13656218671734, vstest.console.dll, MulticastDelegateUtilities.SafeInvoke: TestRun.RunStatsChanged: Invoking callbacks was skipped because there are no subscribers.
TpTrace Information: 0 : 3528, 7, 2024/06/04, 11:47:09.535, 13656218671964, vstest.console.dll, TestRunRequest:SendTestRunStatsChange: Completed.
TpTrace Verbose: 0 : 3528, 7, 2024/06/04, 11:47:09.535, 13656218672260, vstest.console.dll, MulticastDelegateUtilities.SafeInvoke: LengthPrefixCommunicationChannel: MessageReceived: Invoking callback 1/1 for Microsoft.VisualStudio.TestPlatform.CommunicationUtilities.TestRequestSender+<>c__DisplayClass34_0., took 2 ms.
TpTrace Verbose: 0 : 3528, 7, 2024/06/04, 11:47:09.535, 13656218672539, vstest.console.dll, TcpClientExtensions.MessageLoopAsync: Polling on remoteEndPoint: 127.0.0.1:53621 localEndPoint: 127.0.0.1:53620 after 476 ms
TpTrace Verbose: 0 : 3528, 4, 2024/06/04, 11:47:09.536, 13656218673421, vstest.console.dll, MulticastDelegateUtilities.SafeInvoke: InternalTestLoggerEvents.SendTestResult: Invoking callback 1/1 for Microsoft.VisualStudio.TestPlatform.CommandLine.Internal.ConsoleLogger., took 0 ms.
TpTrace Verbose: 0 : 3528, 4, 2024/06/04, 11:47:09.536, 13656218674321, vstest.console.dll, MulticastDelegateUtilities.SafeInvoke: InternalTestLoggerEvents.SendTestResult: Invoking callback 1/1 for Microsoft.VisualStudio.TestPlatform.CommandLine.Internal.ConsoleLogger., took 0 ms.
TpTrace Verbose: 0 : 3528, 4, 2024/06/04, 11:47:09.536, 13656218674763, vstest.console.dll, MulticastDelegateUtilities.SafeInvoke: InternalTestLoggerEvents.SendTestResult: Invoking callback 1/1 for Microsoft.VisualStudio.TestPlatform.CommandLine.Internal.ConsoleLogger., took 0 ms.
TpTrace Verbose: 0 : 3528, 4, 2024/06/04, 11:47:09.536, 13656218675143, vstest.console.dll, MulticastDelegateUtilities.SafeInvoke: InternalTestLoggerEvents.SendTestResult: Invoking callback 1/1 for Microsoft.VisualStudio.TestPlatform.CommandLine.Internal.ConsoleLogger., took 0 ms.
TpTrace Verbose: 0 : 3528, 4, 2024/06/04, 11:47:09.536, 13656218675537, vstest.console.dll, MulticastDelegateUtilities.SafeInvoke: InternalTestLoggerEvents.SendTestResult: Invoking callback 1/1 for Microsoft.VisualStudio.TestPlatform.CommandLine.Internal.ConsoleLogger., took 0 ms.
TpTrace Verbose: 0 : 3528, 4, 2024/06/04, 11:47:09.536, 13656218675966, vstest.console.dll, MulticastDelegateUtilities.SafeInvoke: InternalTestLoggerEvents.SendTestResult: Invoking callback 1/1 for Microsoft.VisualStudio.TestPlatform.CommandLine.Internal.ConsoleLogger., took 0 ms.
TpTrace Verbose: 0 : 3528, 4, 2024/06/04, 11:47:09.536, 13656218682709, vstest.console.dll, MulticastDelegateUtilities.SafeInvoke: InternalTestLoggerEvents.SendTestResult: Invoking callback 1/1 for Microsoft.VisualStudio.TestPlatform.CommandLine.Internal.ConsoleLogger., took 0 ms.
TpTrace Verbose: 0 : 3528, 4, 2024/06/04, 11:47:09.537, 13656218684064, vstest.console.dll, MulticastDelegateUtilities.SafeInvoke: InternalTestLoggerEvents.SendTestResult: Invoking callback 1/1 for Microsoft.VisualStudio.TestPlatform.CommandLine.Internal.ConsoleLogger., took 0 ms.
TpTrace Verbose: 0 : 3528, 4, 2024/06/04, 11:47:09.537, 13656218685062, vstest.console.dll, MulticastDelegateUtilities.SafeInvoke: InternalTestLoggerEvents.SendTestResult: Invoking callback 1/1 for Microsoft.VisualStudio.TestPlatform.CommandLine.Internal.ConsoleLogger., took 0 ms.
TpTrace Verbose: 0 : 3528, 7, 2024/06/04, 11:47:09.631, 13656219627094, vstest.console.dll, TcpClientExtensions.MessageLoopAsync: NotifyDataAvailable remoteEndPoint: 127.0.0.1:53621 localEndPoint: 127.0.0.1:53620
TpTrace Verbose: 0 : 3528, 7, 2024/06/04, 11:47:09.631, 13656219628619, vstest.console.dll, TestRequestSender.OnExecutionMessageReceived: Received message: {"Version":7,"MessageType":"TestSession.Message","Payload":{"MessageLevel":0,"Message":"NUnit Adapter 4.4.0.0: Test execution complete"}}
TpTrace Verbose: 0 : 3528, 7, 2024/06/04, 11:47:09.631, 13656219629745, vstest.console.dll, TestRunRequest:SendTestRunMessage: Starting.
TpTrace Verbose: 0 : 3528, 7, 2024/06/04, 11:47:09.631, 13656219630240, vstest.console.dll, MulticastDelegateUtilities.SafeInvoke: TestRun.LogMessages: Invoking callback 1/1 for Microsoft.VisualStudio.TestPlatform.CommandLine.TestRunResultAggregator., took 0 ms.
TpTrace Information: 0 : 3528, 7, 2024/06/04, 11:47:09.631, 13656219630467, vstest.console.dll, TestRunRequest:SendTestRunMessage: Completed.
TpTrace Verbose: 0 : 3528, 4, 2024/06/04, 11:47:09.631, 13656219630575, vstest.console.dll, MulticastDelegateUtilities.SafeInvoke: InternalTestLoggerEvents.SendTestRunMessage: Invoking callback 1/1 for Microsoft.VisualStudio.TestPlatform.CommandLine.Internal.ConsoleLogger., took 0 ms.
TpTrace Verbose: 0 : 3528, 7, 2024/06/04, 11:47:09.631, 13656219630687, vstest.console.dll, MulticastDelegateUtilities.SafeInvoke: LengthPrefixCommunicationChannel: MessageReceived: Invoking callback 1/1 for Microsoft.VisualStudio.TestPlatform.CommunicationUtilities.TestRequestSender+<>c__DisplayClass34_0., took 0 ms.
TpTrace Verbose: 0 : 3528, 7, 2024/06/04, 11:47:09.631, 13656219631486, vstest.console.dll, TcpClientExtensions.MessageLoopAsync: Polling on remoteEndPoint: 127.0.0.1:53621 localEndPoint: 127.0.0.1:53620 after 95 ms
TpTrace Verbose: 0 : 3528, 7, 2024/06/04, 11:47:09.651, 13656219832025, vstest.console.dll, TcpClientExtensions.MessageLoopAsync: NotifyDataAvailable remoteEndPoint: 127.0.0.1:53621 localEndPoint: 127.0.0.1:53620
TpTrace Verbose: 0 : 3528, 7, 2024/06/04, 11:47:09.652, 13656219833836, vstest.console.dll, TestRequestSender.OnExecutionMessageReceived: Received message: {"Version":7,"MessageType":"TestExecution.Completed","Payload":{"TestRunCompleteArgs":{"TestRunStatistics":{"ExecutedTests":20,"Stats":{"Passed":19,"Failed":1}},"IsCanceled":false,"IsAborted":false,"Error":null,"AttachmentSets":[],"InvokedDataCollectors":[],"ElapsedTimeInRunningTests":"00:00:02.0559455","Metrics":{},"DiscoveredExtensions":{"TestDiscoverers":["NUnit.VisualStudio.TestAdapter.NUnit3TestDiscoverer, NUnit3.TestAdapter, Version=4.4.0.0, Culture=neutral, PublicKeyToken=4cb40d35494691ac"],"TestExecutors":["executor://NUnit3TestExecutor"],"TestExecutors2":[],"TestSettingsProviders":[]}},"LastRunTests":{"NewTestResults":[{"TestCase":{"Id":"3da8394c-a431-6439-2644-df37e04da506","FullyQualifiedName":"APITest.UserRepoTest.DeleteUserFailTest","DisplayName":"DeleteUserFailTest","ExecutorUri":"executor://NUnit3TestExecutor","Source":"C:\\Users\\VC\\Documents\\Training\\MiniProject\\HotelBookingSystemSolution\\APITest\\bin\\Debug\\net6.0\\fine-code-coverage\\build-output\\APITest.dll","CodeFilePath":null,"LineNumber":0,"Properties":[{"Key":{"Id":"NUnit.Seed","Label":"Seed","Category":"","Description":"","Attributes":0,"ValueType":"System.String"},"Value":"202717904"}]},"Attachments":[],"Outcome":1,"ErrorMessage":null,"ErrorStackTrace":null,"DisplayName":"DeleteUserFailTest","Messages":[],"ComputerName":"DESKTOP-SBB02HV","Duration":"00:00:00.0638160","StartTime":"2024-06-04T06:17:09.5285143+00:00","EndTime":"2024-06-04T06:17:09.5923295+00:00","Properties":[{"Key":{"Id":"NUnit.Seed","Label":"Seed","Category":"","Description":"","Attributes":0,"ValueType":"System.String"},"Value":"202717904"}]},{"TestCase":{"Id":"e30da17f-414e-0b4d-943a-18a2ef8ced2c","FullyQualifiedName":"APITest.UserRepoTest.DeleteUserPassTest","DisplayName":"DeleteUserPassTest","ExecutorUri":"executor://NUnit3TestExecutor","Source":"C:\\Users\\VC\\Documents\\Training\\MiniProject\\HotelBookingSystemSolution\\APITest\\bin\\Debug\\net6.0\\fine-code-coverage\\build-output\\APITest.dll","CodeFilePath":null,"LineNumber":0,"Properties":[{"Key":{"Id":"NUnit.Seed","Label":"Seed","Category":"","Description":"","Attributes":0,"ValueType":"System.String"},"Value":"1600846800"}]},"Attachments":[],"Outcome":1,"ErrorMessage":null,"ErrorStackTrace":null,"DisplayName":"DeleteUserPassTest","Messages":[],"ComputerName":"DESKTOP-SBB02HV","Duration":"00:00:00.0160360","StartTime":"2024-06-04T06:17:09.5923591+00:00","EndTime":"2024-06-04T06:17:09.6083951+00:00","Properties":[{"Key":{"Id":"NUnit.Seed","Label":"Seed","Category":"","Description":"","Attributes":0,"ValueType":"System.String"},"Value":"1600846800"}]},{"TestCase":{"Id":"089da050-464c-8d86-f9b5-7cf9e951523c","FullyQualifiedName":"APITest.UserRepoTest.GetUserByKeyFailTest","DisplayName":"GetUserByKeyFailTest","ExecutorUri":"executor://NUnit3TestExecutor","Source":"C:\\Users\\VC\\Documents\\Training\\MiniProject\\HotelBookingSystemSolution\\APITest\\bin\\Debug\\net6.0\\fine-code-coverage\\build-output\\APITest.dll","CodeFilePath":null,"LineNumber":0,"Properties":[{"Key":{"Id":"NUnit.Seed","Label":"Seed","Category":"","Description":"","Attributes":0,"ValueType":"System.String"},"Value":"141194348"}]},"Attachments":[],"Outcome":1,"ErrorMessage":null,"ErrorStackTrace":null,"DisplayName":"GetUserByKeyFailTest","Messages":[],"ComputerName":"DESKTOP-SBB02HV","Duration":"00:00:00.0012800","StartTime":"2024-06-04T06:17:09.6084233+00:00","EndTime":"2024-06-04T06:17:09.6097035+00:00","Properties":[{"Key":{"Id":"NUnit.Seed","Label":"Seed","Category":"","Description":"","Attributes":0,"ValueType":"System.String"},"Value":"141194348"}]},{"TestCase":{"Id":"9f537de8-09ed-61b9-280d-3de87bea5441","FullyQualifiedName":"APITest.UserRepoTest.GetUserByKeyPassTest","DisplayName":"GetUserByKeyPassTest","ExecutorUri":"executor://NUnit3TestExecutor","Source":"C:\\Users\\VC\\Documents\\Training\\MiniProject\\HotelBookingSystemSolution\\APITest\\bin\\Debug\\net6.0\\fine-code-coverage\\build-output\\APITest.dll","CodeFilePath":null,"LineNumber":0,"Properties":[{"Key":{"Id":"NUnit.Seed","Label":"Seed","Category":"","Description":"","Attributes":0,"ValueType":"System.String"},"Value":"1194740231"}]},"Attachments":[],"Outcome":1,"ErrorMessage":null,"ErrorStackTrace":null,"DisplayName":"GetUserByKeyPassTest","Messages":[],"ComputerName":"DESKTOP-SBB02HV","Duration":"00:00:00.0015940","StartTime":"2024-06-04T06:17:09.6097223+00:00","EndTime":"2024-06-04T06:17:09.611316+00:00","Properties":[{"Key":{"Id":"NUnit.Seed","Label":"Seed","Category":"","Description":"","Attributes":0,"ValueType":"System.String"},"Value":"1194740231"}]},{"TestCase":{"Id":"c56dc22e-d11d-d54b-46b8-854aa5bcda4d","FullyQualifiedName":"APITest.UserRepoTest.UpdateUserFailTest","DisplayName":"UpdateUserFailTest","ExecutorUri":"executor://NUnit3TestExecutor","Source":"C:\\Users\\VC\\Documents\\Training\\MiniProject\\HotelBookingSystemSolution\\APITest\\bin\\Debug\\net6.0\\fine-code-coverage\\build-output\\APITest.dll","CodeFilePath":null,"LineNumber":0,"Properties":[{"Key":{"Id":"NUnit.Seed","Label":"Seed","Category":"","Description":"","Attributes":0,"ValueType":"System.String"},"Value":"774141564"}]},"Attachments":[],"Outcome":1,"ErrorMessage":null,"ErrorStackTrace":null,"DisplayName":"UpdateUserFailTest","Messages":[],"ComputerName":"DESKTOP-SBB02HV","Duration":"00:00:00.0037230","StartTime":"2024-06-04T06:17:09.6113363+00:00","EndTime":"2024-06-04T06:17:09.6150591+00:00","Properties":[{"Key":{"Id":"NUnit.Seed","Label":"Seed","Category":"","Description":"","Attributes":0,"ValueType":"System.String"},"Value":"774141564"}]},{"TestCase":{"Id":"be99b92f-6ffd-573a-a859-685f5fb22457","FullyQualifiedName":"APITest.UserRepoTest.UpdateUserPassTest","DisplayName":"UpdateUserPassTest","ExecutorUri":"executor://NUnit3TestExecutor","Source":"C:\\Users\\VC\\Documents\\Training\\MiniProject\\HotelBookingSystemSolution\\APITest\\bin\\Debug\\net6.0\\fine-code-coverage\\build-output\\APITest.dll","CodeFilePath":null,"LineNumber":0,"Properties":[{"Key":{"Id":"NUnit.Seed","Label":"Seed","Category":"","Description":"","Attributes":0,"ValueType":"System.String"},"Value":"1105333156"}]},"Attachments":[],"Outcome":1,"ErrorMessage":null,"ErrorStackTrace":null,"DisplayName":"UpdateUserPassTest","Messages":[],"ComputerName":"DESKTOP-SBB02HV","Duration":"00:00:00.0086640","StartTime":"2024-06-04T06:17:09.6150858+00:00","EndTime":"2024-06-04T06:17:09.6237499+00:00","Properties":[{"Key":{"Id":"NUnit.Seed","Label":"Seed","Category":"","Description":"","Attributes":0,"ValueType":"System.String"},"Value":"1105333156"}]}],"TestRunStatistics":{"ExecutedTests":20,"Stats":{"Passed":19,"Failed":1}},"ActiveTests":[]},"RunAttachments":[],"ExecutorUris":["executor://nunit3testexecutor/"]}}
TpTrace Verbose: 0 : 3528, 7, 2024/06/04, 11:47:09.652, 13656219835134, vstest.console.dll, TestRequestSender.EndSession: Sending end session.
TpTrace Verbose: 0 : 3528, 7, 2024/06/04, 11:47:09.652, 13656219836593, vstest.console.dll, ProxyOperationManager.Close: waiting for test host to exit for 100 ms
TpTrace Verbose: 0 : 3528, 12, 2024/06/04, 11:47:09.697, 13656220291507, vstest.console.dll, TestHostManagerCallbacks.ctor: Experimental forwarding output is disabled.
TpTrace Warning: 0 : 3528, 12, 2024/06/04, 11:47:09.698, 13656220293240, vstest.console.dll, TestHostManagerCallbacks.ErrorReceivedCallback Test host standard error line: 
TpTrace Verbose: 0 : 3528, 12, 2024/06/04, 11:47:09.708, 13656220402448, vstest.console.dll, TestHostProvider.ExitCallBack: Host exited starting callback.
TpTrace Information: 0 : 3528, 12, 2024/06/04, 11:47:09.709, 13656220403908, vstest.console.dll, TestHostManagerCallbacks.ExitCallBack: Testhost processId: 8132 exited with exitcode: 0 error: ''
TpTrace Verbose: 0 : 3528, 12, 2024/06/04, 11:47:09.709, 13656220404194, vstest.console.dll, DotnetTestHostManager.OnHostExited: invoking OnHostExited callback
TpTrace Verbose: 0 : 3528, 12, 2024/06/04, 11:47:09.709, 13656220404602, vstest.console.dll, CrossPlatEngine.TestHostManagerHostExited: calling on client process exit callback.
TpTrace Information: 0 : 3528, 12, 2024/06/04, 11:47:09.709, 13656220404971, vstest.console.dll, TestRequestSender.OnClientProcessExit: Test host process exited. Standard error: 
TpTrace Information: 0 : 3528, 12, 2024/06/04, 11:47:09.709, 13656220405217, vstest.console.dll, SocketServer.Stop: Stop server endPoint: 127.0.0.1:53620
TpTrace Information: 0 : 3528, 12, 2024/06/04, 11:47:09.709, 13656220405376, vstest.console.dll, SocketServer.Stop: Cancellation requested. Stopping message loop.
TpTrace Information: 0 : 3528, 7, 2024/06/04, 11:47:09.709, 13656220405533, vstest.console.dll, SocketServer.Stop: Stop server endPoint: 127.0.0.1:53620
TpTrace Information: 0 : 3528, 7, 2024/06/04, 11:47:09.709, 13656220406070, vstest.console.dll, SocketServer.Stop: Cancellation requested. Stopping message loop.
TpTrace Information: 0 : 3528, 7, 2024/06/04, 11:47:09.709, 13656220406391, vstest.console.dll, Closing the connection
TpTrace Verbose: 0 : 3528, 12, 2024/06/04, 11:47:09.709, 13656220407451, vstest.console.dll, MulticastDelegateUtilities.SafeInvoke: HostProviderEvents.OnHostExited: Invoking callback 1/1 for Microsoft.VisualStudio.TestPlatform.CrossPlatEngine.Client.ProxyOperationManager., took 0 ms.
TpTrace Verbose: 0 : 3528, 7, 2024/06/04, 11:47:09.709, 13656220409538, vstest.console.dll, ProxyDataCollectionManager.InvokeDataCollectionServiceAction: Starting.
TpTrace Information: 0 : 3528, 7, 2024/06/04, 11:47:09.709, 13656220409993, vstest.console.dll, ProxyDataCollectionManager.AfterTestRunEnd: Get attachment set and invoked data collectors processId: 19284 port: 53617
TpTrace Verbose: 0 : 3528, 7, 2024/06/04, 11:47:09.709, 13656220410520, vstest.console.dll, DataCollectionRequestSender.SendAfterTestRunStartAndGetResult: Send AfterTestRunEnd message with isCancelled: False
TpTrace Verbose: 0 : 3528, 7, 2024/06/04, 11:47:09.716, 13656220474281, vstest.console.dll, DataCollectionRequestSender.SendAfterTestRunStartAndGetResult: Received message: (DataCollection.AfterTestRunEndResult) -> {"MessageType":"DataCollection.AfterTestRunEndResult","Payload":{"AttachmentSets":[],"InvokedDataCollectors":[{"Uri":"datacollector://Microsoft/TestPlatform/Extensions/Blame/v1","FriendlyName":"Blame","AssemblyQualifiedName":"Microsoft.TestPlatform.Extensions.BlameDataCollector.BlameCollector, Microsoft.TestPlatform.Extensions.BlameDataCollector, Version=15.0.0.0, Culture=neutral, PublicKeyToken=b03f5f7f11d50a3a","FilePath":"C:\\Program Files\\dotnet\\sdk\\8.0.202\\Extensions\\Microsoft.TestPlatform.Extensions.BlameDataCollector.dll","HasAttachmentProcessor":false}],"Metrics":{}}}
TpTrace Information: 0 : 3528, 7, 2024/06/04, 11:47:09.720, 13656220514868, vstest.console.dll, ProxyDataCollectionManager.InvokeDataCollectionServiceAction: Completed.
TpTrace Warning: 0 : 3528, 10, 2024/06/04, 11:47:09.741, 13656220727511, vstest.console.dll, DataCollectionLauncher.ErrorReceivedCallback datacollector standard error line: 
TpTrace Information: 0 : 3528, 10, 2024/06/04, 11:47:09.748, 13656220794031, vstest.console.dll, DataCollectionLauncher.ExitCallBack: Data collector exited with exitcode: 0 error: ''
TpTrace Verbose: 0 : 3528, 7, 2024/06/04, 11:47:09.748, 13656220798882, vstest.console.dll, TestRunRequest:SendTestRunStatsChange: Starting.
TpTrace Verbose: 0 : 3528, 7, 2024/06/04, 11:47:09.748, 13656220799611, vstest.console.dll, MulticastDelegateUtilities.SafeInvoke: TestRun.RunStatsChanged: Invoking callbacks was skipped because there are no subscribers.
TpTrace Information: 0 : 3528, 7, 2024/06/04, 11:47:09.748, 13656220799868, vstest.console.dll, TestRunRequest:SendTestRunStatsChange: Completed.
TpTrace Verbose: 0 : 3528, 4, 2024/06/04, 11:47:09.748, 13656220801027, vstest.console.dll, MulticastDelegateUtilities.SafeInvoke: InternalTestLoggerEvents.SendTestResult: Invoking callback 1/1 for Microsoft.VisualStudio.TestPlatform.CommandLine.Internal.ConsoleLogger., took 0 ms.
TpTrace Verbose: 0 : 3528, 4, 2024/06/04, 11:47:09.748, 13656220801785, vstest.console.dll, MulticastDelegateUtilities.SafeInvoke: InternalTestLoggerEvents.SendTestResult: Invoking callback 1/1 for Microsoft.VisualStudio.TestPlatform.CommandLine.Internal.ConsoleLogger., took 0 ms.
TpTrace Verbose: 0 : 3528, 4, 2024/06/04, 11:47:09.748, 13656220802095, vstest.console.dll, MulticastDelegateUtilities.SafeInvoke: InternalTestLoggerEvents.SendTestResult: Invoking callback 1/1 for Microsoft.VisualStudio.TestPlatform.CommandLine.Internal.ConsoleLogger., took 0 ms.
TpTrace Verbose: 0 : 3528, 4, 2024/06/04, 11:47:09.748, 13656220802347, vstest.console.dll, MulticastDelegateUtilities.SafeInvoke: InternalTestLoggerEvents.SendTestResult: Invoking callback 1/1 for Microsoft.VisualStudio.TestPlatform.CommandLine.Internal.ConsoleLogger., took 0 ms.
TpTrace Verbose: 0 : 3528, 4, 2024/06/04, 11:47:09.748, 13656220802603, vstest.console.dll, MulticastDelegateUtilities.SafeInvoke: InternalTestLoggerEvents.SendTestResult: Invoking callback 1/1 for Microsoft.VisualStudio.TestPlatform.CommandLine.Internal.ConsoleLogger., took 0 ms.
TpTrace Verbose: 0 : 3528, 4, 2024/06/04, 11:47:09.748, 13656220802940, vstest.console.dll, MulticastDelegateUtilities.SafeInvoke: InternalTestLoggerEvents.SendTestResult: Invoking callback 1/1 for Microsoft.VisualStudio.TestPlatform.CommandLine.Internal.ConsoleLogger., took 0 ms.
TpTrace Verbose: 0 : 3528, 7, 2024/06/04, 11:47:09.748, 13656220803089, vstest.console.dll, ParallelProxyExecutionManager: HandlePartialRunComplete: Total workloads = 1, Total started clients = 1 Total completed clients = 1, Run complete = True, Run canceled: False.
TpTrace Verbose: 0 : 3528, 7, 2024/06/04, 11:47:09.749, 13656220803480, vstest.console.dll, ParallelProxyExecutionManager: HandlePartialRunComplete: All runs completed stopping all managers.
TpTrace Verbose: 0 : 3528, 7, 2024/06/04, 11:47:09.749, 13656220803794, vstest.console.dll, ParallelOperationManager.StopAllManagers: Stopping all managers.
TpTrace Verbose: 0 : 3528, 7, 2024/06/04, 11:47:09.749, 13656220804006, vstest.console.dll, ParallelOperationManager.ClearSlots: Clearing all slots. Slots should accept more work: False
TpTrace Verbose: 0 : 3528, 7, 2024/06/04, 11:47:09.749, 13656220804389, vstest.console.dll, ParallelOperationManager.SetOccupiedSlotCount: Setting slot counts AvailableSlotCount = 1, OccupiedSlotCount = 0.
TpTrace Verbose: 0 : 3528, 7, 2024/06/04, 11:47:09.749, 13656220804907, vstest.console.dll, Occupied slots:

TpTrace Verbose: 0 : 3528, 4, 2024/06/04, 11:47:09.759, 13656220904445, vstest.console.dll, MulticastDelegateUtilities.SafeInvoke: InternalTestLoggerEvents.SendTestRunComplete: Invoking callback 1/2 for Microsoft.TestPlatform.Extensions.BlameDataCollector.BlameLogger., took 0 ms.
TpTrace Verbose: 0 : 3528, 4, 2024/06/04, 11:47:09.764, 13656220961140, vstest.console.dll, MulticastDelegateUtilities.SafeInvoke: InternalTestLoggerEvents.SendTestRunComplete: Invoking callback 2/2 for Microsoft.VisualStudio.TestPlatform.CommandLine.Internal.ConsoleLogger., took 5 ms.
TpTrace Verbose: 0 : 3528, 7, 2024/06/04, 11:47:09.765, 13656220965862, vstest.console.dll, TestRunRequest:TestRunComplete: Starting. IsAborted:False IsCanceled:False.
TpTrace Verbose: 0 : 3528, 7, 2024/06/04, 11:47:09.765, 13656220967548, vstest.console.dll, ParallelOperationManager.DoActionOnAllManagers: Calling an action on all managers.
TpTrace Verbose: 0 : 3528, 7, 2024/06/04, 11:47:09.766, 13656220975403, vstest.console.dll, TestLoggerManager.HandleTestRunComplete: Ignoring as the object is disposed.
TpTrace Verbose: 0 : 3528, 7, 2024/06/04, 11:47:09.766, 13656220977502, vstest.console.dll, MulticastDelegateUtilities.SafeInvoke: TestRun.TestRunComplete: Invoking callback 1/2 for Microsoft.VisualStudio.TestPlatform.CommandLine.TestRunResultAggregator., took 0 ms.
TpTrace Verbose: 0 : 3528, 7, 2024/06/04, 11:47:09.766, 13656220978541, vstest.console.dll, MulticastDelegateUtilities.SafeInvoke: TestRun.TestRunComplete: Invoking callback 2/2 for Microsoft.VisualStudio.TestPlatform.CommandLine.Processors.RunTestsArgumentExecutor+TestRunRequestEventsRegistrar., took 0 ms.
TpTrace Information: 0 : 3528, 7, 2024/06/04, 11:47:09.766, 13656220979385, vstest.console.dll, TestRunRequest:TestRunComplete: Completed.
TpTrace Verbose: 0 : 3528, 7, 2024/06/04, 11:47:09.766, 13656220979706, vstest.console.dll, TestRequestSender.SetOperationComplete: Setting operation complete.
TpTrace Information: 0 : 3528, 7, 2024/06/04, 11:47:09.766, 13656220979939, vstest.console.dll, SocketServer.Stop: Stop server endPoint: 127.0.0.1:53620
TpTrace Information: 0 : 3528, 7, 2024/06/04, 11:47:09.766, 13656220980166, vstest.console.dll, SocketServer.Stop: Cancellation requested. Stopping message loop.
TpTrace Verbose: 0 : 3528, 1, 2024/06/04, 11:47:09.766, 13656220979912, vstest.console.dll, TestRunRequest.Dispose: Starting.
TpTrace Verbose: 0 : 3528, 7, 2024/06/04, 11:47:09.766, 13656220980398, vstest.console.dll, MulticastDelegateUtilities.SafeInvoke: LengthPrefixCommunicationChannel: MessageReceived: Invoking callback 1/1 for Microsoft.VisualStudio.TestPlatform.CommunicationUtilities.TestRequestSender+<>c__DisplayClass34_0., took 114 ms.
TpTrace Information: 0 : 3528, 1, 2024/06/04, 11:47:09.766, 13656220981058, vstest.console.dll, TestRunRequest.Dispose: Completed.
TpTrace Information: 0 : 3528, 7, 2024/06/04, 11:47:09.766, 13656220981435, vstest.console.dll, SocketServer.PrivateStop: Stopping server endPoint: 127.0.0.1:53620 error: 
TpTrace Information: 0 : 3528, 1, 2024/06/04, 11:47:09.766, 13656220981802, vstest.console.dll, TestRequestManager.RunTests: run tests completed.
TpTrace Information: 0 : 3528, 1, 2024/06/04, 11:47:09.766, 13656220982627, vstest.console.dll, RunTestsArgumentProcessor:Execute: Test run is completed.
TpTrace Verbose: 0 : 3528, 1, 2024/06/04, 11:47:09.773, 13656221043298, vstest.console.dll, Executor.Execute: Exiting with exit code of 1
TpTrace Verbose: 0 : 3528, 7, 2024/06/04, 11:47:09.773, 13656221044722, vstest.console.dll, LengthPrefixCommunicationChannel.Dispose: Dispose reader and writer.
TpTrace Information: 0 : 3528, 7, 2024/06/04, 11:47:09.773, 13656221045489, vstest.console.dll, SocketServer.Stop: Raise disconnected event endPoint: 127.0.0.1:53620 error: 
TpTrace Verbose: 0 : 3528, 7, 2024/06/04, 11:47:09.773, 13656221046212, vstest.console.dll, TestRequestSender: OnTestRunAbort: Operation is already complete. Skip error message.
TpTrace Verbose: 0 : 3528, 7, 2024/06/04, 11:47:09.773, 13656221046515, vstest.console.dll, MulticastDelegateUtilities.SafeInvoke: SocketServer: ClientDisconnected: Invoking callback 1/1 for Microsoft.VisualStudio.TestPlatform.CommunicationUtilities.TestRequestSender., took 0 ms.
TpTrace Verbose: 0 : 3528, 7, 2024/06/04, 11:47:09.773, 13656221046730, vstest.console.dll, TcpClientExtensions.MessageLoopAsync: exiting MessageLoopAsync remoteEndPoint: 127.0.0.1:53621 localEndPoint: 127.0.0.1:53620
